2021-04-08 16:12:46,326 [1   ] [INFO ] Running application on Microsoft Windows NT 6.2.9200.0 (64-bit) 
2021-04-08 16:12:46,342 [1   ] [INFO ] Checking plugin DLL files...
2021-04-08 16:12:46,343 [1   ] [INFO ] Checking Firewall rule...
2021-04-08 16:12:46,345 [1   ] [INFO ] Running command line: 
netsh advfirewall firewall show rule dir=in name=all
2021-04-08 16:12:47,020 [1   ] [INFO ] Checking ACL rule status...
2021-04-08 16:12:47,020 [1   ] [INFO ] Running command line: 
netsh http show urlacl url=http://+:25555/
2021-04-08 16:12:47,844 [1   ] [INFO ] Running application on Microsoft Windows NT 6.2.9200.0 (64-bit) 
2021-04-08 16:12:47,858 [1   ] [INFO ] Checking plugin DLL files...
2021-04-08 16:12:47,859 [1   ] [INFO ] Checking Firewall rule...
2021-04-08 16:12:47,861 [1   ] [INFO ] Running command line: 
netsh advfirewall firewall show rule dir=in name=all
2021-04-08 16:12:48,164 [1   ] [INFO ] Checking ACL rule status...
2021-04-08 16:12:48,164 [1   ] [INFO ] Running command line: 
netsh http show urlacl url=http://+:25555/
2021-04-08 16:12:53,823 [1   ] [INFO ] Validating ETS2 path: 'c:\program files (x86)\steam\SteamApps\common\Euro Truck Simulator 2' ... Fail
2021-04-08 16:12:53,824 [1   ] [INFO ] Validating ETS2 path: 'c:\program files (x86)\steam\SteamApps\common\Euro Truck Simulator 2' ... Fail
2021-04-08 16:12:58,171 [1   ] [INFO ] Running application on Microsoft Windows NT 6.2.9200.0 (64-bit) 
2021-04-08 16:12:58,187 [1   ] [INFO ] Checking plugin DLL files...
2021-04-08 16:12:58,188 [1   ] [INFO ] Checking Firewall rule...
2021-04-08 16:12:58,189 [1   ] [INFO ] Running command line: 
netsh advfirewall firewall show rule dir=in name=all
2021-04-08 16:12:58,607 [1   ] [INFO ] Checking ACL rule status...
2021-04-08 16:12:58,607 [1   ] [INFO ] Running command line: 
netsh http show urlacl url=http://+:25555/
2021-04-08 16:12:59,350 [1   ] [INFO ] Running application on Microsoft Windows NT 6.2.9200.0 (64-bit) 
2021-04-08 16:12:59,363 [1   ] [INFO ] Checking plugin DLL files...
2021-04-08 16:12:59,364 [1   ] [INFO ] Checking Firewall rule...
2021-04-08 16:12:59,365 [1   ] [INFO ] Running command line: 
netsh advfirewall firewall show rule dir=in name=all
2021-04-08 16:12:59,664 [1   ] [INFO ] Checking ACL rule status...
2021-04-08 16:12:59,664 [1   ] [INFO ] Running command line: 
netsh http show urlacl url=http://+:25555/
2021-04-08 16:13:01,255 [1   ] [INFO ] Validating ETS2 path: 'c:\program files (x86)\steam\SteamApps\common\Euro Truck Simulator 2' ... Fail
2021-04-08 16:13:01,255 [1   ] [INFO ] Validating ETS2 path: 'c:\program files (x86)\steam\SteamApps\common\Euro Truck Simulator 2' ... Fail
2021-04-08 16:13:11,268 [1   ] [INFO ] Validating ETS2 path: 'G:\Steam\steamapps\common\Euro Truck Simulator 2' ... OK
2021-04-08 16:13:11,269 [1   ] [INFO ] Copying ETS2 x86 plugin DLL file to: G:\Steam\steamapps\common\Euro Truck Simulator 2\bin\win_x86\plugins\ets2-telemetry-server.dll
2021-04-08 16:13:11,280 [1   ] [INFO ] Copying ETS2 x64 plugin DLL file to: G:\Steam\steamapps\common\Euro Truck Simulator 2\bin\win_x64\plugins\ets2-telemetry-server.dll
2021-04-08 16:13:11,294 [1   ] [INFO ] Validating ATS path: 'c:\program files (x86)\steam\SteamApps\common\American Truck Simulator' ... Fail
2021-04-08 16:13:11,294 [1   ] [INFO ] Validating ATS path: 'c:\program files (x86)\steam\SteamApps\common\American Truck Simulator' ... Fail
2021-04-08 16:13:15,496 [1   ] [INFO ] Adding Firewall rule...
2021-04-08 16:13:15,496 [1   ] [INFO ] Running command line: 
netsh advfirewall firewall add rule name="ETS2 TELEMETRY SERVER (PORT 25555)" dir=in action=allow protocol=TCP localport=25555 remoteip=localsubnet
2021-04-08 16:13:15,583 [1   ] [INFO ] Adding ACL rule...
2021-04-08 16:13:15,583 [1   ] [INFO ] Running command line: 
netsh http add urlacl url=http://+:25555/ user="\Jeder"
2021-04-08 16:13:17,303 [1   ] [INFO ] Found following network interfaces: 
'{E7866865-5E07-406D-AEEA-1E516D5AD60E}': 'Hamachi' (Up), 
'{73AD02C9-8DE9-407C-85C8-5DE80F2B6214}': 'Ethernet' (Up), 
'{66E2DA04-0D51-4F38-A4D0-CE13598BE77A}': 'LAN-Verbindung' (Down), 
'{E2E97323-E848-4426-BE7D-7B86465259E8}': 'LAN-Verbindung 2' (Down), 
'{EFAA69B5-DE43-4701-8CC4-A6553CAC5301}': 'WLAN' (Down), 
'{3555B6A7-70D0-4DC0-A9DC-0F5E5E1AC1C7}': 'LAN-Verbindung* 1' (Down), 
'{3FD1BFFC-C695-4A4A-AEF0-814A38F36D9F}': 'LAN-Verbindung* 2' (Down), 
'{FA97FE05-F620-46FE-BBC1-07984128E200}': 'Bluetooth-Netzwerkverbindung' (Down), 
'{B4910C04-5D12-11EB-819F-806E6F6E6963}': 'Loopback Pseudo-Interface 1' (Up)
2021-04-08 17:48:03,310 [1   ] [INFO ] Running application on Microsoft Windows NT 6.2.9200.0 (64-bit) 
2021-04-08 17:48:04,730 [1   ] [INFO ] Checking plugin DLL files...
2021-04-08 17:48:04,755 [1   ] [INFO ] Validating ETS2 path: 'G:\Steam\steamapps\common\Euro Truck Simulator 2' ... OK
2021-04-08 17:48:04,810 [1   ] [INFO ] Checking Firewall rule...
2021-04-08 17:48:04,812 [1   ] [INFO ] Running command line: 
netsh advfirewall firewall show rule dir=in name=all
2021-04-08 17:48:05,294 [1   ] [INFO ] Checking ACL rule status...
2021-04-08 17:48:05,294 [1   ] [INFO ] Running command line: 
netsh http show urlacl url=http://+:25555/
2021-04-08 17:48:05,559 [1   ] [INFO ] Found following network interfaces: 
'{E7866865-5E07-406D-AEEA-1E516D5AD60E}': 'Hamachi' (Up), 
'{73AD02C9-8DE9-407C-85C8-5DE80F2B6214}': 'Ethernet' (Up), 
'{66E2DA04-0D51-4F38-A4D0-CE13598BE77A}': 'LAN-Verbindung' (Down), 
'{E2E97323-E848-4426-BE7D-7B86465259E8}': 'LAN-Verbindung 2' (Down), 
'{EFAA69B5-DE43-4701-8CC4-A6553CAC5301}': 'WLAN' (Down), 
'{3555B6A7-70D0-4DC0-A9DC-0F5E5E1AC1C7}': 'LAN-Verbindung* 1' (Down), 
'{3FD1BFFC-C695-4A4A-AEF0-814A38F36D9F}': 'LAN-Verbindung* 2' (Down), 
'{FA97FE05-F620-46FE-BBC1-07984128E200}': 'Bluetooth-Netzwerkverbindung' (Down), 
'{B4910C04-5D12-11EB-819F-806E6F6E6963}': 'Loopback Pseudo-Interface 1' (Up)
2021-04-08 20:03:40,465 [1   ] [INFO ] Running application on Microsoft Windows NT 6.2.9200.0 (64-bit) 
2021-04-08 20:03:40,739 [1   ] [INFO ] Checking plugin DLL files...
2021-04-08 20:03:40,740 [1   ] [INFO ] Validating ETS2 path: 'G:\Steam\steamapps\common\Euro Truck Simulator 2' ... OK
2021-04-08 20:03:41,056 [1   ] [INFO ] Checking Firewall rule...
2021-04-08 20:03:41,058 [1   ] [INFO ] Running command line: 
netsh advfirewall firewall show rule dir=in name=all
2021-04-08 20:03:42,074 [1   ] [INFO ] Checking ACL rule status...
2021-04-08 20:03:42,074 [1   ] [INFO ] Running command line: 
netsh http show urlacl url=http://+:25555/
2021-04-08 20:03:42,409 [1   ] [INFO ] Found following network interfaces: 
'{E7866865-5E07-406D-AEEA-1E516D5AD60E}': 'Hamachi' (Up), 
'{73AD02C9-8DE9-407C-85C8-5DE80F2B6214}': 'Ethernet' (Up), 
'{66E2DA04-0D51-4F38-A4D0-CE13598BE77A}': 'LAN-Verbindung' (Down), 
'{E2E97323-E848-4426-BE7D-7B86465259E8}': 'LAN-Verbindung 2' (Down), 
'{EFAA69B5-DE43-4701-8CC4-A6553CAC5301}': 'WLAN' (Down), 
'{3555B6A7-70D0-4DC0-A9DC-0F5E5E1AC1C7}': 'LAN-Verbindung* 1' (Down), 
'{3FD1BFFC-C695-4A4A-AEF0-814A38F36D9F}': 'LAN-Verbindung* 2' (Down), 
'{FA97FE05-F620-46FE-BBC1-07984128E200}': 'Bluetooth-Netzwerkverbindung' (Down), 
'{B4910C04-5D12-11EB-819F-806E6F6E6963}': 'Loopback Pseudo-Interface 1' (Up)
2021-04-09 21:24:50,286 [1   ] [INFO ] Running application on Microsoft Windows NT 6.2.9200.0 (64-bit) 
2021-04-09 21:24:50,479 [1   ] [INFO ] Checking plugin DLL files...
2021-04-09 21:24:50,526 [1   ] [INFO ] Validating ETS2 path: 'G:\Steam\steamapps\common\Euro Truck Simulator 2' ... OK
2021-04-09 21:24:50,821 [1   ] [INFO ] Checking Firewall rule...
2021-04-09 21:24:50,823 [1   ] [INFO ] Running command line: 
netsh advfirewall firewall show rule dir=in name=all
2021-04-09 21:24:51,390 [1   ] [INFO ] Checking ACL rule status...
2021-04-09 21:24:51,390 [1   ] [INFO ] Running command line: 
netsh http show urlacl url=http://+:25555/
2021-04-09 21:24:51,619 [1   ] [INFO ] Found following network interfaces: 
'{E7866865-5E07-406D-AEEA-1E516D5AD60E}': 'Hamachi' (Up), 
'{73AD02C9-8DE9-407C-85C8-5DE80F2B6214}': 'Ethernet' (Up), 
'{66E2DA04-0D51-4F38-A4D0-CE13598BE77A}': 'LAN-Verbindung' (Down), 
'{E2E97323-E848-4426-BE7D-7B86465259E8}': 'LAN-Verbindung 2' (Down), 
'{EFAA69B5-DE43-4701-8CC4-A6553CAC5301}': 'WLAN' (Down), 
'{3555B6A7-70D0-4DC0-A9DC-0F5E5E1AC1C7}': 'LAN-Verbindung* 1' (Down), 
'{3FD1BFFC-C695-4A4A-AEF0-814A38F36D9F}': 'LAN-Verbindung* 2' (Down), 
'{FA97FE05-F620-46FE-BBC1-07984128E200}': 'Bluetooth-Netzwerkverbindung' (Down), 
'{B4910C04-5D12-11EB-819F-806E6F6E6963}': 'Loopback Pseudo-Interface 1' (Up)
2021-04-09 21:42:40,965 [1   ] [INFO ] Running application on Microsoft Windows NT 6.2.9200.0 (64-bit) 
2021-04-09 21:42:41,072 [1   ] [INFO ] Checking plugin DLL files...
2021-04-09 21:42:41,072 [1   ] [INFO ] Validating ETS2 path: 'G:\Steam\steamapps\common\Euro Truck Simulator 2' ... OK
2021-04-09 21:42:41,076 [1   ] [INFO ] Checking Firewall rule...
2021-04-09 21:42:41,077 [1   ] [INFO ] Running command line: 
netsh advfirewall firewall show rule dir=in name=all
2021-04-09 21:42:41,430 [1   ] [INFO ] Checking ACL rule status...
2021-04-09 21:42:41,430 [1   ] [INFO ] Running command line: 
netsh http show urlacl url=http://+:25555/
2021-04-09 21:42:41,613 [1   ] [INFO ] Found following network interfaces: 
'{E7866865-5E07-406D-AEEA-1E516D5AD60E}': 'Hamachi' (Up), 
'{73AD02C9-8DE9-407C-85C8-5DE80F2B6214}': 'Ethernet' (Up), 
'{66E2DA04-0D51-4F38-A4D0-CE13598BE77A}': 'LAN-Verbindung' (Down), 
'{E2E97323-E848-4426-BE7D-7B86465259E8}': 'LAN-Verbindung 2' (Down), 
'{EFAA69B5-DE43-4701-8CC4-A6553CAC5301}': 'WLAN' (Down), 
'{3555B6A7-70D0-4DC0-A9DC-0F5E5E1AC1C7}': 'LAN-Verbindung* 1' (Down), 
'{3FD1BFFC-C695-4A4A-AEF0-814A38F36D9F}': 'LAN-Verbindung* 2' (Down), 
'{FA97FE05-F620-46FE-BBC1-07984128E200}': 'Bluetooth-Netzwerkverbindung' (Down), 
'{B4910C04-5D12-11EB-819F-806E6F6E6963}': 'Loopback Pseudo-Interface 1' (Up)
2021-04-09 21:44:02,066 [1   ] [INFO ] Running application on Microsoft Windows NT 6.2.9200.0 (64-bit) 
2021-04-09 21:44:02,173 [1   ] [INFO ] Checking plugin DLL files...
2021-04-09 21:44:02,174 [1   ] [INFO ] Validating ETS2 path: 'G:\Steam\steamapps\common\Euro Truck Simulator 2' ... OK
2021-04-09 21:44:02,177 [1   ] [INFO ] Checking Firewall rule...
2021-04-09 21:44:02,179 [1   ] [INFO ] Running command line: 
netsh advfirewall firewall show rule dir=in name=all
2021-04-09 21:44:02,524 [1   ] [INFO ] Checking ACL rule status...
2021-04-09 21:44:02,524 [1   ] [INFO ] Running command line: 
netsh http show urlacl url=http://+:25555/
2021-04-09 21:44:02,704 [1   ] [INFO ] Found following network interfaces: 
'{E7866865-5E07-406D-AEEA-1E516D5AD60E}': 'Hamachi' (Up), 
'{73AD02C9-8DE9-407C-85C8-5DE80F2B6214}': 'Ethernet' (Up), 
'{66E2DA04-0D51-4F38-A4D0-CE13598BE77A}': 'LAN-Verbindung' (Down), 
'{E2E97323-E848-4426-BE7D-7B86465259E8}': 'LAN-Verbindung 2' (Down), 
'{EFAA69B5-DE43-4701-8CC4-A6553CAC5301}': 'WLAN' (Down), 
'{3555B6A7-70D0-4DC0-A9DC-0F5E5E1AC1C7}': 'LAN-Verbindung* 1' (Down), 
'{3FD1BFFC-C695-4A4A-AEF0-814A38F36D9F}': 'LAN-Verbindung* 2' (Down), 
'{FA97FE05-F620-46FE-BBC1-07984128E200}': 'Bluetooth-Netzwerkverbindung' (Down), 
'{B4910C04-5D12-11EB-819F-806E6F6E6963}': 'Loopback Pseudo-Interface 1' (Up)
2021-04-09 21:46:52,187 [1   ] [INFO ] Running application on Microsoft Windows NT 6.2.9200.0 (64-bit) 
2021-04-09 21:46:52,294 [1   ] [INFO ] Checking plugin DLL files...
2021-04-09 21:46:52,295 [1   ] [INFO ] Validating ETS2 path: 'G:\Steam\steamapps\common\Euro Truck Simulator 2' ... OK
2021-04-09 21:46:52,298 [1   ] [INFO ] Checking Firewall rule...
2021-04-09 21:46:52,300 [1   ] [INFO ] Running command line: 
netsh advfirewall firewall show rule dir=in name=all
2021-04-09 21:46:52,645 [1   ] [INFO ] Checking ACL rule status...
2021-04-09 21:46:52,645 [1   ] [INFO ] Running command line: 
netsh http show urlacl url=http://+:25555/
2021-04-09 21:46:52,834 [1   ] [INFO ] Found following network interfaces: 
'{E7866865-5E07-406D-AEEA-1E516D5AD60E}': 'Hamachi' (Up), 
'{73AD02C9-8DE9-407C-85C8-5DE80F2B6214}': 'Ethernet' (Up), 
'{66E2DA04-0D51-4F38-A4D0-CE13598BE77A}': 'LAN-Verbindung' (Down), 
'{E2E97323-E848-4426-BE7D-7B86465259E8}': 'LAN-Verbindung 2' (Down), 
'{EFAA69B5-DE43-4701-8CC4-A6553CAC5301}': 'WLAN' (Down), 
'{3555B6A7-70D0-4DC0-A9DC-0F5E5E1AC1C7}': 'LAN-Verbindung* 1' (Down), 
'{3FD1BFFC-C695-4A4A-AEF0-814A38F36D9F}': 'LAN-Verbindung* 2' (Down), 
'{FA97FE05-F620-46FE-BBC1-07984128E200}': 'Bluetooth-Netzwerkverbindung' (Down), 
'{B4910C04-5D12-11EB-819F-806E6F6E6963}': 'Loopback Pseudo-Interface 1' (Up)
2021-04-09 21:48:02,574 [1   ] [INFO ] Running application on Microsoft Windows NT 6.2.9200.0 (64-bit) 
2021-04-09 21:48:02,680 [1   ] [INFO ] Checking plugin DLL files...
2021-04-09 21:48:02,681 [1   ] [INFO ] Validating ETS2 path: 'G:\Steam\steamapps\common\Euro Truck Simulator 2' ... OK
2021-04-09 21:48:02,685 [1   ] [INFO ] Checking Firewall rule...
2021-04-09 21:48:02,686 [1   ] [INFO ] Running command line: 
netsh advfirewall firewall show rule dir=in name=all
2021-04-09 21:48:03,026 [1   ] [INFO ] Checking ACL rule status...
2021-04-09 21:48:03,026 [1   ] [INFO ] Running command line: 
netsh http show urlacl url=http://+:25555/
2021-04-09 21:48:03,209 [1   ] [INFO ] Found following network interfaces: 
'{E7866865-5E07-406D-AEEA-1E516D5AD60E}': 'Hamachi' (Up), 
'{73AD02C9-8DE9-407C-85C8-5DE80F2B6214}': 'Ethernet' (Up), 
'{66E2DA04-0D51-4F38-A4D0-CE13598BE77A}': 'LAN-Verbindung' (Down), 
'{E2E97323-E848-4426-BE7D-7B86465259E8}': 'LAN-Verbindung 2' (Down), 
'{EFAA69B5-DE43-4701-8CC4-A6553CAC5301}': 'WLAN' (Down), 
'{3555B6A7-70D0-4DC0-A9DC-0F5E5E1AC1C7}': 'LAN-Verbindung* 1' (Down), 
'{3FD1BFFC-C695-4A4A-AEF0-814A38F36D9F}': 'LAN-Verbindung* 2' (Down), 
'{FA97FE05-F620-46FE-BBC1-07984128E200}': 'Bluetooth-Netzwerkverbindung' (Down), 
'{B4910C04-5D12-11EB-819F-806E6F6E6963}': 'Loopback Pseudo-Interface 1' (Up)
2021-04-09 21:48:51,918 [1   ] [INFO ] Running application on Microsoft Windows NT 6.2.9200.0 (64-bit) 
2021-04-09 21:48:52,024 [1   ] [INFO ] Checking plugin DLL files...
2021-04-09 21:48:52,024 [1   ] [INFO ] Validating ETS2 path: 'G:\Steam\steamapps\common\Euro Truck Simulator 2' ... OK
2021-04-09 21:48:52,028 [1   ] [INFO ] Checking Firewall rule...
2021-04-09 21:48:52,029 [1   ] [INFO ] Running command line: 
netsh advfirewall firewall show rule dir=in name=all
2021-04-09 21:48:52,374 [1   ] [INFO ] Checking ACL rule status...
2021-04-09 21:48:52,375 [1   ] [INFO ] Running command line: 
netsh http show urlacl url=http://+:25555/
2021-04-09 21:48:52,558 [1   ] [INFO ] Found following network interfaces: 
'{E7866865-5E07-406D-AEEA-1E516D5AD60E}': 'Hamachi' (Up), 
'{73AD02C9-8DE9-407C-85C8-5DE80F2B6214}': 'Ethernet' (Up), 
'{66E2DA04-0D51-4F38-A4D0-CE13598BE77A}': 'LAN-Verbindung' (Down), 
'{E2E97323-E848-4426-BE7D-7B86465259E8}': 'LAN-Verbindung 2' (Down), 
'{EFAA69B5-DE43-4701-8CC4-A6553CAC5301}': 'WLAN' (Down), 
'{3555B6A7-70D0-4DC0-A9DC-0F5E5E1AC1C7}': 'LAN-Verbindung* 1' (Down), 
'{3FD1BFFC-C695-4A4A-AEF0-814A38F36D9F}': 'LAN-Verbindung* 2' (Down), 
'{FA97FE05-F620-46FE-BBC1-07984128E200}': 'Bluetooth-Netzwerkverbindung' (Down), 
'{B4910C04-5D12-11EB-819F-806E6F6E6963}': 'Loopback Pseudo-Interface 1' (Up)
2021-04-09 21:57:22,699 [1   ] [INFO ] Running application on Microsoft Windows NT 6.2.9200.0 (64-bit) 
2021-04-09 21:57:22,806 [1   ] [INFO ] Checking plugin DLL files...
2021-04-09 21:57:22,807 [1   ] [INFO ] Validating ETS2 path: 'G:\Steam\steamapps\common\Euro Truck Simulator 2' ... OK
2021-04-09 21:57:22,810 [1   ] [INFO ] Checking Firewall rule...
2021-04-09 21:57:22,812 [1   ] [INFO ] Running command line: 
netsh advfirewall firewall show rule dir=in name=all
2021-04-09 21:57:23,148 [1   ] [INFO ] Checking ACL rule status...
2021-04-09 21:57:23,148 [1   ] [INFO ] Running command line: 
netsh http show urlacl url=http://+:25555/
2021-04-09 21:57:23,328 [1   ] [INFO ] Found following network interfaces: 
'{E7866865-5E07-406D-AEEA-1E516D5AD60E}': 'Hamachi' (Up), 
'{73AD02C9-8DE9-407C-85C8-5DE80F2B6214}': 'Ethernet' (Up), 
'{66E2DA04-0D51-4F38-A4D0-CE13598BE77A}': 'LAN-Verbindung' (Down), 
'{E2E97323-E848-4426-BE7D-7B86465259E8}': 'LAN-Verbindung 2' (Down), 
'{EFAA69B5-DE43-4701-8CC4-A6553CAC5301}': 'WLAN' (Down), 
'{3555B6A7-70D0-4DC0-A9DC-0F5E5E1AC1C7}': 'LAN-Verbindung* 1' (Down), 
'{3FD1BFFC-C695-4A4A-AEF0-814A38F36D9F}': 'LAN-Verbindung* 2' (Down), 
'{FA97FE05-F620-46FE-BBC1-07984128E200}': 'Bluetooth-Netzwerkverbindung' (Down), 
'{B4910C04-5D12-11EB-819F-806E6F6E6963}': 'Loopback Pseudo-Interface 1' (Up)
2021-04-09 21:57:31,816 [1   ] [INFO ] Running application on Microsoft Windows NT 6.2.9200.0 (64-bit) 
2021-04-09 21:57:31,923 [1   ] [INFO ] Checking plugin DLL files...
2021-04-09 21:57:31,923 [1   ] [INFO ] Validating ETS2 path: 'G:\Steam\steamapps\common\Euro Truck Simulator 2' ... OK
2021-04-09 21:57:31,927 [1   ] [INFO ] Checking Firewall rule...
2021-04-09 21:57:31,929 [1   ] [INFO ] Running command line: 
netsh advfirewall firewall show rule dir=in name=all
2021-04-09 21:57:32,267 [1   ] [INFO ] Checking ACL rule status...
2021-04-09 21:57:32,267 [1   ] [INFO ] Running command line: 
netsh http show urlacl url=http://+:25555/
2021-04-09 21:57:32,451 [1   ] [INFO ] Found following network interfaces: 
'{E7866865-5E07-406D-AEEA-1E516D5AD60E}': 'Hamachi' (Up), 
'{73AD02C9-8DE9-407C-85C8-5DE80F2B6214}': 'Ethernet' (Up), 
'{66E2DA04-0D51-4F38-A4D0-CE13598BE77A}': 'LAN-Verbindung' (Down), 
'{E2E97323-E848-4426-BE7D-7B86465259E8}': 'LAN-Verbindung 2' (Down), 
'{EFAA69B5-DE43-4701-8CC4-A6553CAC5301}': 'WLAN' (Down), 
'{3555B6A7-70D0-4DC0-A9DC-0F5E5E1AC1C7}': 'LAN-Verbindung* 1' (Down), 
'{3FD1BFFC-C695-4A4A-AEF0-814A38F36D9F}': 'LAN-Verbindung* 2' (Down), 
'{FA97FE05-F620-46FE-BBC1-07984128E200}': 'Bluetooth-Netzwerkverbindung' (Down), 
'{B4910C04-5D12-11EB-819F-806E6F6E6963}': 'Loopback Pseudo-Interface 1' (Up)
2021-04-09 22:29:45,288 [1   ] [INFO ] Running application on Microsoft Windows NT 6.2.9200.0 (64-bit) 
2021-04-09 22:29:45,400 [1   ] [INFO ] Checking plugin DLL files...
2021-04-09 22:29:45,401 [1   ] [INFO ] Validating ETS2 path: 'G:\Steam\steamapps\common\Euro Truck Simulator 2' ... OK
2021-04-09 22:29:45,404 [1   ] [INFO ] Checking Firewall rule...
2021-04-09 22:29:45,406 [1   ] [INFO ] Running command line: 
netsh advfirewall firewall show rule dir=in name=all
2021-04-09 22:29:45,779 [1   ] [INFO ] Checking ACL rule status...
2021-04-09 22:29:45,779 [1   ] [INFO ] Running command line: 
netsh http show urlacl url=http://+:25555/
2021-04-09 22:29:45,969 [1   ] [INFO ] Found following network interfaces: 
'{E7866865-5E07-406D-AEEA-1E516D5AD60E}': 'Hamachi' (Up), 
'{73AD02C9-8DE9-407C-85C8-5DE80F2B6214}': 'Ethernet' (Up), 
'{66E2DA04-0D51-4F38-A4D0-CE13598BE77A}': 'LAN-Verbindung' (Down), 
'{E2E97323-E848-4426-BE7D-7B86465259E8}': 'LAN-Verbindung 2' (Down), 
'{EFAA69B5-DE43-4701-8CC4-A6553CAC5301}': 'WLAN' (Down), 
'{3555B6A7-70D0-4DC0-A9DC-0F5E5E1AC1C7}': 'LAN-Verbindung* 1' (Down), 
'{3FD1BFFC-C695-4A4A-AEF0-814A38F36D9F}': 'LAN-Verbindung* 2' (Down), 
'{FA97FE05-F620-46FE-BBC1-07984128E200}': 'Bluetooth-Netzwerkverbindung' (Down), 
'{B4910C04-5D12-11EB-819F-806E6F6E6963}': 'Loopback Pseudo-Interface 1' (Up)
2021-04-09 22:38:52,573 [1   ] [INFO ] Running application on Microsoft Windows NT 6.2.9200.0 (64-bit) 
2021-04-09 22:38:52,706 [1   ] [INFO ] Checking plugin DLL files...
2021-04-09 22:38:52,707 [1   ] [INFO ] Validating ETS2 path: 'G:\Steam\steamapps\common\Euro Truck Simulator 2' ... OK
2021-04-09 22:38:52,712 [1   ] [INFO ] Checking Firewall rule...
2021-04-09 22:38:52,714 [1   ] [INFO ] Running command line: 
netsh advfirewall firewall show rule dir=in name=all
2021-04-09 22:38:53,179 [1   ] [INFO ] Checking ACL rule status...
2021-04-09 22:38:53,179 [1   ] [INFO ] Running command line: 
netsh http show urlacl url=http://+:25555/
2021-04-09 22:38:53,380 [1   ] [INFO ] Found following network interfaces: 
'{E7866865-5E07-406D-AEEA-1E516D5AD60E}': 'Hamachi' (Up), 
'{73AD02C9-8DE9-407C-85C8-5DE80F2B6214}': 'Ethernet' (Up), 
'{66E2DA04-0D51-4F38-A4D0-CE13598BE77A}': 'LAN-Verbindung' (Down), 
'{E2E97323-E848-4426-BE7D-7B86465259E8}': 'LAN-Verbindung 2' (Down), 
'{EFAA69B5-DE43-4701-8CC4-A6553CAC5301}': 'WLAN' (Down), 
'{3555B6A7-70D0-4DC0-A9DC-0F5E5E1AC1C7}': 'LAN-Verbindung* 1' (Down), 
'{3FD1BFFC-C695-4A4A-AEF0-814A38F36D9F}': 'LAN-Verbindung* 2' (Down), 
'{FA97FE05-F620-46FE-BBC1-07984128E200}': 'Bluetooth-Netzwerkverbindung' (Down), 
'{B4910C04-5D12-11EB-819F-806E6F6E6963}': 'Loopback Pseudo-Interface 1' (Up)
2021-04-09 22:40:53,328 [1   ] [INFO ] Running application on Microsoft Windows NT 6.2.9200.0 (64-bit) 
2021-04-09 22:40:53,446 [1   ] [INFO ] Checking plugin DLL files...
2021-04-09 22:40:53,446 [1   ] [INFO ] Validating ETS2 path: 'G:\Steam\steamapps\common\Euro Truck Simulator 2' ... OK
2021-04-09 22:40:53,450 [1   ] [INFO ] Checking Firewall rule...
2021-04-09 22:40:53,452 [1   ] [INFO ] Running command line: 
netsh advfirewall firewall show rule dir=in name=all
2021-04-09 22:40:53,863 [1   ] [INFO ] Checking ACL rule status...
2021-04-09 22:40:53,863 [1   ] [INFO ] Running command line: 
netsh http show urlacl url=http://+:25555/
2021-04-09 22:40:54,066 [1   ] [INFO ] Found following network interfaces: 
'{E7866865-5E07-406D-AEEA-1E516D5AD60E}': 'Hamachi' (Up), 
'{73AD02C9-8DE9-407C-85C8-5DE80F2B6214}': 'Ethernet' (Up), 
'{66E2DA04-0D51-4F38-A4D0-CE13598BE77A}': 'LAN-Verbindung' (Down), 
'{E2E97323-E848-4426-BE7D-7B86465259E8}': 'LAN-Verbindung 2' (Down), 
'{EFAA69B5-DE43-4701-8CC4-A6553CAC5301}': 'WLAN' (Down), 
'{3555B6A7-70D0-4DC0-A9DC-0F5E5E1AC1C7}': 'LAN-Verbindung* 1' (Down), 
'{3FD1BFFC-C695-4A4A-AEF0-814A38F36D9F}': 'LAN-Verbindung* 2' (Down), 
'{FA97FE05-F620-46FE-BBC1-07984128E200}': 'Bluetooth-Netzwerkverbindung' (Down), 
'{B4910C04-5D12-11EB-819F-806E6F6E6963}': 'Loopback Pseudo-Interface 1' (Up)
2021-04-09 22:41:06,856 [1   ] [INFO ] Running application on Microsoft Windows NT 6.2.9200.0 (64-bit) 
2021-04-09 22:41:06,973 [1   ] [INFO ] Checking plugin DLL files...
2021-04-09 22:41:06,974 [1   ] [INFO ] Validating ETS2 path: 'G:\Steam\steamapps\common\Euro Truck Simulator 2' ... OK
2021-04-09 22:41:06,977 [1   ] [INFO ] Checking Firewall rule...
2021-04-09 22:41:06,979 [1   ] [INFO ] Running command line: 
netsh advfirewall firewall show rule dir=in name=all
2021-04-09 22:41:07,363 [1   ] [INFO ] Checking ACL rule status...
2021-04-09 22:41:07,363 [1   ] [INFO ] Running command line: 
netsh http show urlacl url=http://+:25555/
2021-04-09 22:41:07,574 [1   ] [INFO ] Found following network interfaces: 
'{E7866865-5E07-406D-AEEA-1E516D5AD60E}': 'Hamachi' (Up), 
'{73AD02C9-8DE9-407C-85C8-5DE80F2B6214}': 'Ethernet' (Up), 
'{66E2DA04-0D51-4F38-A4D0-CE13598BE77A}': 'LAN-Verbindung' (Down), 
'{E2E97323-E848-4426-BE7D-7B86465259E8}': 'LAN-Verbindung 2' (Down), 
'{EFAA69B5-DE43-4701-8CC4-A6553CAC5301}': 'WLAN' (Down), 
'{3555B6A7-70D0-4DC0-A9DC-0F5E5E1AC1C7}': 'LAN-Verbindung* 1' (Down), 
'{3FD1BFFC-C695-4A4A-AEF0-814A38F36D9F}': 'LAN-Verbindung* 2' (Down), 
'{FA97FE05-F620-46FE-BBC1-07984128E200}': 'Bluetooth-Netzwerkverbindung' (Down), 
'{B4910C04-5D12-11EB-819F-806E6F6E6963}': 'Loopback Pseudo-Interface 1' (Up)
2021-04-09 22:41:16,191 [1   ] [INFO ] Running application on Microsoft Windows NT 6.2.9200.0 (64-bit) 
2021-04-09 22:41:16,320 [1   ] [INFO ] Checking plugin DLL files...
2021-04-09 22:41:16,320 [1   ] [INFO ] Validating ETS2 path: 'G:\Steam\steamapps\common\Euro Truck Simulator 2' ... OK
2021-04-09 22:41:16,327 [1   ] [INFO ] Checking Firewall rule...
2021-04-09 22:41:16,329 [1   ] [INFO ] Running command line: 
netsh advfirewall firewall show rule dir=in name=all
2021-04-09 22:41:16,878 [1   ] [INFO ] Checking ACL rule status...
2021-04-09 22:41:16,878 [1   ] [INFO ] Running command line: 
netsh http show urlacl url=http://+:25555/
2021-04-09 22:41:17,125 [1   ] [INFO ] Found following network interfaces: 
'{E7866865-5E07-406D-AEEA-1E516D5AD60E}': 'Hamachi' (Up), 
'{73AD02C9-8DE9-407C-85C8-5DE80F2B6214}': 'Ethernet' (Up), 
'{66E2DA04-0D51-4F38-A4D0-CE13598BE77A}': 'LAN-Verbindung' (Down), 
'{E2E97323-E848-4426-BE7D-7B86465259E8}': 'LAN-Verbindung 2' (Down), 
'{EFAA69B5-DE43-4701-8CC4-A6553CAC5301}': 'WLAN' (Down), 
'{3555B6A7-70D0-4DC0-A9DC-0F5E5E1AC1C7}': 'LAN-Verbindung* 1' (Down), 
'{3FD1BFFC-C695-4A4A-AEF0-814A38F36D9F}': 'LAN-Verbindung* 2' (Down), 
'{FA97FE05-F620-46FE-BBC1-07984128E200}': 'Bluetooth-Netzwerkverbindung' (Down), 
'{B4910C04-5D12-11EB-819F-806E6F6E6963}': 'Loopback Pseudo-Interface 1' (Up)
2021-04-10 00:29:46,056 [1   ] [INFO ] Running application on Microsoft Windows NT 6.2.9200.0 (64-bit) 
2021-04-10 00:29:46,176 [1   ] [INFO ] Checking plugin DLL files...
2021-04-10 00:29:46,177 [1   ] [INFO ] Validating ETS2 path: 'G:\Steam\steamapps\common\Euro Truck Simulator 2' ... OK
2021-04-10 00:29:46,181 [1   ] [INFO ] Checking Firewall rule...
2021-04-10 00:29:46,182 [1   ] [INFO ] Running command line: 
netsh advfirewall firewall show rule dir=in name=all
2021-04-10 00:29:46,630 [1   ] [INFO ] Checking ACL rule status...
2021-04-10 00:29:46,630 [1   ] [INFO ] Running command line: 
netsh http show urlacl url=http://+:25555/
2021-04-10 00:29:46,857 [1   ] [INFO ] Found following network interfaces: 
'{E7866865-5E07-406D-AEEA-1E516D5AD60E}': 'Hamachi' (Up), 
'{73AD02C9-8DE9-407C-85C8-5DE80F2B6214}': 'Ethernet' (Up), 
'{66E2DA04-0D51-4F38-A4D0-CE13598BE77A}': 'LAN-Verbindung' (Down), 
'{E2E97323-E848-4426-BE7D-7B86465259E8}': 'LAN-Verbindung 2' (Down), 
'{EFAA69B5-DE43-4701-8CC4-A6553CAC5301}': 'WLAN' (Down), 
'{3555B6A7-70D0-4DC0-A9DC-0F5E5E1AC1C7}': 'LAN-Verbindung* 1' (Down), 
'{3FD1BFFC-C695-4A4A-AEF0-814A38F36D9F}': 'LAN-Verbindung* 2' (Down), 
'{FA97FE05-F620-46FE-BBC1-07984128E200}': 'Bluetooth-Netzwerkverbindung' (Down), 
'{B4910C04-5D12-11EB-819F-806E6F6E6963}': 'Loopback Pseudo-Interface 1' (Up)
2021-04-10 14:40:20,157 [1   ] [INFO ] Running application on Microsoft Windows NT 6.2.9200.0 (64-bit) 
2021-04-10 14:40:20,284 [1   ] [INFO ] Checking plugin DLL files...
2021-04-10 14:40:20,284 [1   ] [INFO ] Validating ETS2 path: 'G:\Steam\steamapps\common\Euro Truck Simulator 2' ... OK
2021-04-10 14:40:20,289 [1   ] [INFO ] Checking Firewall rule...
2021-04-10 14:40:20,291 [1   ] [INFO ] Running command line: 
netsh advfirewall firewall show rule dir=in name=all
2021-04-10 14:40:20,780 [1   ] [INFO ] Checking ACL rule status...
2021-04-10 14:40:20,780 [1   ] [INFO ] Running command line: 
netsh http show urlacl url=http://+:25555/
2021-04-10 14:40:21,010 [1   ] [INFO ] Found following network interfaces: 
'{E7866865-5E07-406D-AEEA-1E516D5AD60E}': 'Hamachi' (Up), 
'{73AD02C9-8DE9-407C-85C8-5DE80F2B6214}': 'Ethernet' (Up), 
'{66E2DA04-0D51-4F38-A4D0-CE13598BE77A}': 'LAN-Verbindung' (Down), 
'{E2E97323-E848-4426-BE7D-7B86465259E8}': 'LAN-Verbindung 2' (Down), 
'{EFAA69B5-DE43-4701-8CC4-A6553CAC5301}': 'WLAN' (Down), 
'{3555B6A7-70D0-4DC0-A9DC-0F5E5E1AC1C7}': 'LAN-Verbindung* 1' (Down), 
'{3FD1BFFC-C695-4A4A-AEF0-814A38F36D9F}': 'LAN-Verbindung* 2' (Down), 
'{FA97FE05-F620-46FE-BBC1-07984128E200}': 'Bluetooth-Netzwerkverbindung' (Down), 
'{B4910C04-5D12-11EB-819F-806E6F6E6963}': 'Loopback Pseudo-Interface 1' (Up)
2021-04-11 19:34:29,018 [1   ] [INFO ] Running application on Microsoft Windows NT 6.2.9200.0 (64-bit) 
2021-04-11 19:34:29,139 [1   ] [INFO ] Checking plugin DLL files...
2021-04-11 19:34:29,140 [1   ] [INFO ] Validating ETS2 path: 'G:\Steam\steamapps\common\Euro Truck Simulator 2' ... OK
2021-04-11 19:34:29,144 [1   ] [INFO ] Checking Firewall rule...
2021-04-11 19:34:29,145 [1   ] [INFO ] Running command line: 
netsh advfirewall firewall show rule dir=in name=all
2021-04-11 19:34:29,573 [1   ] [INFO ] Checking ACL rule status...
2021-04-11 19:34:29,573 [1   ] [INFO ] Running command line: 
netsh http show urlacl url=http://+:25555/
2021-04-11 19:34:29,804 [1   ] [INFO ] Found following network interfaces: 
'{E7866865-5E07-406D-AEEA-1E516D5AD60E}': 'Hamachi' (Up), 
'{73AD02C9-8DE9-407C-85C8-5DE80F2B6214}': 'Ethernet' (Up), 
'{66E2DA04-0D51-4F38-A4D0-CE13598BE77A}': 'LAN-Verbindung' (Down), 
'{E2E97323-E848-4426-BE7D-7B86465259E8}': 'LAN-Verbindung 2' (Down), 
'{EFAA69B5-DE43-4701-8CC4-A6553CAC5301}': 'WLAN' (Down), 
'{3555B6A7-70D0-4DC0-A9DC-0F5E5E1AC1C7}': 'LAN-Verbindung* 1' (Down), 
'{3FD1BFFC-C695-4A4A-AEF0-814A38F36D9F}': 'LAN-Verbindung* 2' (Down), 
'{FA97FE05-F620-46FE-BBC1-07984128E200}': 'Bluetooth-Netzwerkverbindung' (Down), 
'{B4910C04-5D12-11EB-819F-806E6F6E6963}': 'Loopback Pseudo-Interface 1' (Up)
2021-04-12 01:00:40,474 [1   ] [INFO ] Running application on Microsoft Windows NT 6.2.9200.0 (64-bit) 
2021-04-12 01:00:40,604 [1   ] [INFO ] Checking plugin DLL files...
2021-04-12 01:00:40,604 [1   ] [INFO ] Validating ETS2 path: 'G:\Steam\steamapps\common\Euro Truck Simulator 2' ... OK
2021-04-12 01:00:40,609 [1   ] [INFO ] Checking Firewall rule...
2021-04-12 01:00:40,612 [1   ] [INFO ] Running command line: 
netsh advfirewall firewall show rule dir=in name=all
2021-04-12 01:00:41,139 [1   ] [INFO ] Checking ACL rule status...
2021-04-12 01:00:41,139 [1   ] [INFO ] Running command line: 
netsh http show urlacl url=http://+:25555/
2021-04-12 01:00:41,382 [1   ] [INFO ] Found following network interfaces: 
'{E7866865-5E07-406D-AEEA-1E516D5AD60E}': 'Hamachi' (Up), 
'{73AD02C9-8DE9-407C-85C8-5DE80F2B6214}': 'Ethernet' (Up), 
'{66E2DA04-0D51-4F38-A4D0-CE13598BE77A}': 'LAN-Verbindung' (Down), 
'{E2E97323-E848-4426-BE7D-7B86465259E8}': 'LAN-Verbindung 2' (Down), 
'{EFAA69B5-DE43-4701-8CC4-A6553CAC5301}': 'WLAN' (Down), 
'{3555B6A7-70D0-4DC0-A9DC-0F5E5E1AC1C7}': 'LAN-Verbindung* 1' (Down), 
'{3FD1BFFC-C695-4A4A-AEF0-814A38F36D9F}': 'LAN-Verbindung* 2' (Down), 
'{FA97FE05-F620-46FE-BBC1-07984128E200}': 'Bluetooth-Netzwerkverbindung' (Down), 
'{B4910C04-5D12-11EB-819F-806E6F6E6963}': 'Loopback Pseudo-Interface 1' (Up)
2021-04-12 02:02:56,462 [1   ] [INFO ] Running application on Microsoft Windows NT 6.2.9200.0 (64-bit) 
2021-04-12 02:02:56,586 [1   ] [INFO ] Checking plugin DLL files...
2021-04-12 02:02:56,586 [1   ] [INFO ] Validating ETS2 path: 'G:\Steam\steamapps\common\Euro Truck Simulator 2' ... OK
2021-04-12 02:02:56,591 [1   ] [INFO ] Checking Firewall rule...
2021-04-12 02:02:56,593 [1   ] [INFO ] Running command line: 
netsh advfirewall firewall show rule dir=in name=all
2021-04-12 02:02:57,127 [1   ] [INFO ] Checking ACL rule status...
2021-04-12 02:02:57,127 [1   ] [INFO ] Running command line: 
netsh http show urlacl url=http://+:25555/
2021-04-12 02:08:00,986 [1   ] [INFO ] Running application on Microsoft Windows NT 6.2.9200.0 (64-bit) 
2021-04-12 02:08:01,304 [1   ] [INFO ] Checking plugin DLL files...
2021-04-12 02:08:01,305 [1   ] [INFO ] Validating ETS2 path: 'G:\Steam\steamapps\common\Euro Truck Simulator 2' ... OK
2021-04-12 02:08:01,317 [1   ] [INFO ] Checking Firewall rule...
2021-04-12 02:08:01,319 [1   ] [INFO ] Running command line: 
netsh advfirewall firewall show rule dir=in name=all
2021-04-12 02:08:11,815 [1   ] [ERROR] System.Exception: Failed to check Firewall rule status: 
Regelname:                               AnyDesk
----------------------------------------------------------------------
Aktiviert:                               Ja
Richtung:                                Eingehend
Profile:                                 Dom„ne
Gruppierung:                             
Lokales IP:                              Beliebig
Remote-IP:                               Beliebig
Protokoll:                               UDP
Lokaler Port:                            Beliebig
Remoteport:                              Beliebig
Edgeausnahme:                            Nein
Aktion:                                  Zulassen

Regelname:                               AnyDesk
----------------------------------------------------------------------
Aktiviert:                               Ja
Richtung:                                Eingehend
Profile:                                 Dom„ne
Gruppierung:                             
Lokales IP:                              Beliebig
Remote-IP:                               Beliebig
Protokoll:                               TCP
Lokaler Port:                            Beliebig
Remoteport:                              Beliebig
Edgeausnahme:                            Nein
Aktion:                                  Zulassen

Regelname:                               AnyDesk
----------------------------------------------------------------------
Aktiviert:                               Ja
Richtung:                                Eingehend
Profile:                                 ™ffentlich
Gruppierung:                             
Lokales IP:                              Beliebig
Remote-IP:                               Beliebig
Protokoll:                               UDP
Lokaler Port:                            Beliebig
Remoteport:                              Beliebig
Edgeausnahme:                            Nein
Aktion:                                  Zulassen

Regelname:                               AnyDesk
----------------------------------------------------------------------
Aktiviert:                               Ja
Richtung:                                Eingehend
Profile:                                 ™ffentlich
Gruppierung:                             
Lokales IP:                              Beliebig
Remote-IP:                               Beliebig
Protokoll:                               TCP
Lokaler Port:                            Beliebig
Remoteport:                              Beliebig
Edgeausnahme:                            Nein
Aktion:                                  Zulassen

Regelname:                               AnyDesk
----------------------------------------------------------------------
Aktiviert:                               Ja
Richtung:                                Eingehend
Profile:                                 Privat
Gruppierung:                             
Lokales IP:                              Beliebig
Remote-IP:                               Beliebig
Protokoll:                               UDP
Lokaler Port:                            Beliebig
Remoteport:                              Beliebig
Edgeausnahme:                            Nein
Aktion:                                  Zulassen

Regelname:                               AnyDesk
----------------------------------------------------------------------
Aktiviert:                               Ja
Richtung:                                Eingehend
Profile:                                 Privat
Gruppierung:                             
Lokales IP:                              Beliebig
Remote-IP:                               Beliebig
Protokoll:                               TCP
Lokaler Port:                            Beliebig
Remoteport:                              Beliebig
Edgeausnahme:                            Nein
Aktion:                                  Zulassen

Regelname:                               Microsoft Edge (mDNS-In)
----------------------------------------------------------------------
Aktiviert:                               Ja
Richtung:                                Eingehend
Profile:                                 Dom„ne,Privat,™ffentlich
Gruppierung:                             Microsoft Edge
Lokales IP:                              Beliebig
Remote-IP:                               Beliebig
Protokoll:                               UDP
Lokaler Port:                            5353
Remoteport:                              Beliebig
Edgeausnahme:                            Nein
Aktion:                                  Zulassen

Regelname:                               Microsoft Outlook
----------------------------------------------------------------------
Aktiviert:                               Ja
Richtung:                                Eingehend
Profile:                                 Dom„ne,Privat,™ffentlich
Gruppierung:                             {78E1CD88-49E3-476E-B926-580E596AD309}
Lokales IP:                              Beliebig
Remote-IP:                               Beliebig
Protokoll:                               UDP
Lokaler Port:                            6004
Remoteport:                              Beliebig
Edgeausnahme:                            Nein
Aktion:                                  Zulassen

Regelname:                               @{Microsoft.YourPhone_1.21022.168.0_x64__8wekyb3d8bbwe?ms-resource://Microsoft.YourPhone/Resources/AppName}
----------------------------------------------------------------------
Aktiviert:                               Ja
Richtung:                                Eingehend
Profile:                                 Dom„ne,Privat
Gruppierung:                             Ihr Smartphone
Lokales IP:                              Beliebig
Remote-IP:                               Beliebig
Protokoll:                               Beliebig
Edgeausnahme:                            Nein
Aktion:                                  Zulassen

Regelname:                               ETS2 TELEMETRY SERVER (PORT 25555)
----------------------------------------------------------------------
Aktiviert:                               Ja
Richtung:                                Eingehend
Profile:                                 Dom„ne,Privat,™ffentlich
Gruppierung:                             
Lokales IP:                              Beliebig
Remote-IP:                               LocalSubnet
Protokoll:                               TCP
Lokaler Port:                            25555
Remoteport:                              Beliebig
Edgeausnahme:                            Nein
Aktion:                                  Zulassen

Regelname:                               Spotify Music
----------------------------------------------------------------------
Aktiviert:                               Ja
Richtung:                                Eingehend
Profile:                                 Dom„ne,Privat,™ffentlich
Gruppierung:                             {78E1CD88-49E3-476E-B926-580E596AD309}
Lokales IP:                              Beliebig
Remote-IP:                               Beliebig
Protokoll:                               TCP
Lokaler Port:                            57621-57631
Remoteport:                              Beliebig
Edgeausnahme:                            Nein
Aktion:                                  Zulassen

Regelname:                               Spotify Music
----------------------------------------------------------------------
Aktiviert:                               Ja
Richtung:                                Eingehend
Profile:                                 Dom„ne,Privat,™ffentlich
Gruppierung:                             {78E1CD88-49E3-476E-B926-580E596AD309}
Lokales IP:                              Beliebig
Remote-IP:                               Beliebig
Protokoll:                               UDP
Lokaler Port:                            57621
Remoteport:                              Beliebig
Edgeausnahme:                            Nein
Aktion:                                  Zulassen

Regelname:                               Spotify Music
----------------------------------------------------------------------
Aktiviert:                               Ja
Richtung:                                Eingehend
Profile:                                 Dom„ne,Privat,™ffentlich
Gruppierung:                             {78E1CD88-49E3-476E-B926-580E596AD309}
Lokales IP:                              Beliebig
Remote-IP:                               Beliebig
Protokoll:                               UDP
Lokaler Port:                            8088
Remoteport:                              Beliebig
Edgeausnahme:                            Nein
Aktion:                                  Zulassen

Regelname:                               Spotify Music
----------------------------------------------------------------------
Aktiviert:                               Ja
Richtung:                                Eingehend
Profile:                                 Dom„ne,Privat,™ffentlich
Gruppierung:                             {78E1CD88-49E3-476E-B926-580E596AD309}
Lokales IP:                              Beliebig
Remote-IP:                               Beliebig
Protokoll:                               TCP
Lokaler Port:                            8088
Remoteport:                              Beliebig
Edgeausnahme:                            Nein
Aktion:                                  Zulassen

Regelname:                               Spotify Music
----------------------------------------------------------------------
Aktiviert:                               Ja
Richtung:                                Eingehend
Profile:                                 Dom„ne,Privat,™ffentlich
Gruppierung:                             {78E1CD88-49E3-476E-B926-580E596AD309}
Lokales IP:                              Beliebig
Remote-IP:                               Beliebig
Protokoll:                               TCP
Lokaler Port:                            4381-4389
Remoteport:                              Beliebig
Edgeausnahme:                            Nein
Aktion:                                  Zulassen

Regelname:                               Spotify Music
----------------------------------------------------------------------
Aktiviert:                               Ja
Richtung:                                Eingehend
Profile:                                 Dom„ne,Privat,™ffentlich
Gruppierung:                             {78E1CD88-49E3-476E-B926-580E596AD309}
Lokales IP:                              Beliebig
Remote-IP:                               Beliebig
Protokoll:                               TCP
Lokaler Port:                            4371-4379
Remoteport:                              Beliebig
Edgeausnahme:                            Nein
Aktion:                                  Zulassen

Regelname:                               Kernnetzwerk - Teredo (ICMPv6 eingehend)
----------------------------------------------------------------------
Aktiviert:                               Ja
Richtung:                                Eingehend
Profile:                                 Dom„ne,Privat,™ffentlich
Gruppierung:                             Kernnetzwerk
Lokales IP:                              Beliebig
Remote-IP:                               Beliebig
Protokoll:                               ICMPv6
                                         Typ     Code
                                      128     Beliebig
Edgeausnahme:                            Ja
Aktion:                                  Zulassen

Regelname:                               Euro Truck Simulator 2
----------------------------------------------------------------------
Aktiviert:                               Ja
Richtung:                                Eingehend
Profile:                                 Privat
Gruppierung:                             
Lokales IP:                              Beliebig
Remote-IP:                               Beliebig
Protokoll:                               UDP
Lokaler Port:                            Beliebig
Remoteport:                              Beliebig
Edgeausnahme:                            Nein
Aktion:                                  Zulassen

Regelname:                               Euro Truck Simulator 2
----------------------------------------------------------------------
Aktiviert:                               Ja
Richtung:                                Eingehend
Profile:                                 Privat
Gruppierung:                             
Lokales IP:                              Beliebig
Remote-IP:                               Beliebig
Protokoll:                               TCP
Lokaler Port:                            Beliebig
Remoteport:                              Beliebig
Edgeausnahme:                            Nein
Aktion:                                  Zulassen

Regelname:                               Euro Truck Simulator 2
----------------------------------------------------------------------
Aktiviert:                               Ja
Richtung:                                Eingehend
Profile:                                 Privat
Gruppierung:                             
Lokales IP:                              Beliebig
Remote-IP:                               Beliebig
Protokoll:                               UDP
Lokaler Port:                            Beliebig
Remoteport:                              Beliebig
Edgeausnahme:                            Nein
Aktion:                                  Zulassen

Regelname:                               Euro Truck Simulator 2
----------------------------------------------------------------------
Aktiviert:                               Ja
Richtung:                                Eingehend
Profile:                                 Privat
Gruppierung:                             
Lokales IP:                              Beliebig
Remote-IP:                               Beliebig
Protokoll:                               TCP
Lokaler Port:                            Beliebig
Remoteport:                              Beliebig
Edgeausnahme:                            Nein
Aktion:                                  Zulassen

Regelname:                               Google Chrome (mDNS-In)
----------------------------------------------------------------------
Aktiviert:                               Ja
Richtung:                                Eingehend
Profile:                                 Dom„ne,Privat,™ffentlich
Gruppierung:                             Google Chrome
Lokales IP:                              Beliebig
Remote-IP:                               Beliebig
Protokoll:                               UDP
Lokaler Port:                            5353
Remoteport:                              Beliebig
Edgeausnahme:                            Nein
Aktion:                                  Zulassen

Regelname:                               @{Microsoft.SeaofThieves_2.99.7774.2_x64__8wekyb3d8bbwe?ms-resource://Microsoft.SeaofThieves/Resources/PackageName}
----------------------------------------------------------------------
Aktiviert:                               Ja
Richtung:                                Eingehend
Profile:                                 Dom„ne,Privat,™ffentlich
Gruppierung:                             Sea of Thieves
Lokales IP:                              Beliebig
Remote-IP:                               Beliebig
Protokoll:                               Beliebig
Edgeausnahme:                            Ja
Aktion:                                  Zulassen

Regelname:                               @{Microsoft.WindowsStore_12101.1001.14.0_x64__8wekyb3d8bbwe?ms-resource://Microsoft.WindowsStore/Resources/StoreTitle}
----------------------------------------------------------------------
Aktiviert:                               Ja
Richtung:                                Eingehend
Profile:                                 Dom„ne,Privat,™ffentlich
Gruppierung:                             Microsoft Store
Lokales IP:                              Beliebig
Remote-IP:                               Beliebig
Protokoll:                               Beliebig
Edgeausnahme:                            Ja
Aktion:                                  Zulassen

Regelname:                               Cortana
----------------------------------------------------------------------
Aktiviert:                               Ja
Richtung:                                Eingehend
Profile:                                 Dom„ne,Privat,™ffentlich
Gruppierung:                             Cortana
Lokales IP:                              Beliebig
Remote-IP:                               Beliebig
Protokoll:                               Beliebig
Edgeausnahme:                            Ja
Aktion:                                  Zulassen

Regelname:                               Amazon Alexa
----------------------------------------------------------------------
Aktiviert:                               Ja
Richtung:                                Eingehend
Profile:                                 Dom„ne,Privat
Gruppierung:                             Amazon Alexa
Lokales IP:                              Beliebig
Remote-IP:                               Beliebig
Protokoll:                               Beliebig
Edgeausnahme:                            Nein
Aktion:                                  Zulassen

Regelname:                               Xbox Game Bar
----------------------------------------------------------------------
Aktiviert:                               Ja
Richtung:                                Eingehend
Profile:                                 Dom„ne,Privat,™ffentlich
Gruppierung:                             Xbox Game Bar
Lokales IP:                              Beliebig
Remote-IP:                               Beliebig
Protokoll:                               Beliebig
Edgeausnahme:                            Ja
Aktion:                                  Zulassen

Regelname:                               @{Microsoft.ZuneMusic_10.20122.11121.0_x64__8wekyb3d8bbwe?ms-resource://Microsoft.ZuneMusic/resources/IDS_MANIFEST_MUSIC_APP_NAME}
----------------------------------------------------------------------
Aktiviert:                               Ja
Richtung:                                Eingehend
Profile:                                 Dom„ne,Privat
Gruppierung:                             Groove-Musik
Lokales IP:                              Beliebig
Remote-IP:                               Beliebig
Protokoll:                               Beliebig
Edgeausnahme:                            Nein
Aktion:                                  Zulassen

Regelname:                               OneNote for Windows 10
----------------------------------------------------------------------
Aktiviert:                               Ja
Richtung:                                Eingehend
Profile:                                 Dom„ne,Privat
Gruppierung:                             OneNote for Windows 10
Lokales IP:                              Beliebig
Remote-IP:                               Beliebig
Protokoll:                               Beliebig
Edgeausnahme:                            Nein
Aktion:                                  Zulassen

Regelname:                               @{Microsoft.Windows.Photos_2020.20120.4004.0_x64__8wekyb3d8bbwe?ms-resource://Microsoft.Windows.Photos/Resources/AppStoreName}
----------------------------------------------------------------------
Aktiviert:                               Ja
Richtung:                                Eingehend
Profile:                                 Dom„ne,Privat,™ffentlich
Gruppierung:                             Microsoft Fotos
Lokales IP:                              Beliebig
Remote-IP:                               Beliebig
Protokoll:                               Beliebig
Edgeausnahme:                            Ja
Aktion:                                  Zulassen

Regelname:                               @{Microsoft.ZuneVideo_10.21021.10311.0_x64__8wekyb3d8bbwe?ms-resource://Microsoft.ZuneVideo/resources/IDS_MANIFEST_VIDEO_APP_NAME}
----------------------------------------------------------------------
Aktiviert:                               Ja
Richtung:                                Eingehend
Profile:                                 Dom„ne,Privat
Gruppierung:                             Filme & TV
Lokales IP:                              Beliebig
Remote-IP:                               Beliebig
Protokoll:                               Beliebig
Edgeausnahme:                            Nein
Aktion:                                  Zulassen

Regelname:                               @{Microsoft.Win32WebViewHost_10.0.19041.423_neutral_neutral_cw5n1h2txyewy?ms-resource://Windows.Win32WebViewHost/resources/DisplayName}
----------------------------------------------------------------------
Aktiviert:                               Ja
Richtung:                                Eingehend
Profile:                                 Dom„ne,Privat,™ffentlich
Gruppierung:                             Desktop-App-Web-Viewer
Lokales IP:                              Beliebig
Remote-IP:                               Beliebig
Protokoll:                               Beliebig
Edgeausnahme:                            Ja
Aktion:                                  Zulassen

Regelname:                               @{microsoft.windowscommunicationsapps_16005.13426.20688.0_x64__8wekyb3d8bbwe?ms-resource://microsoft.windowscommunicationsapps/hxoutlookintl/AppManifest_OutlookDesktop_DisplayName}
----------------------------------------------------------------------
Aktiviert:                               Ja
Richtung:                                Eingehend
Profile:                                 Dom„ne,Privat,™ffentlich
Gruppierung:                             Mail und Kalender
Lokales IP:                              Beliebig
Remote-IP:                               Beliebig
Protokoll:                               Beliebig
Edgeausnahme:                            Ja
Aktion:                                  Zulassen

Regelname:                               @{Microsoft.MicrosoftEdge_44.19041.423.0_neutral__8wekyb3d8bbwe?ms-resource://Microsoft.MicrosoftEdge/Resources/AppName}
----------------------------------------------------------------------
Aktiviert:                               Ja
Richtung:                                Eingehend
Profile:                                 Dom„ne,Privat
Gruppierung:                             Microsoft Edge
Lokales IP:                              Beliebig
Remote-IP:                               Beliebig
Protokoll:                               Beliebig
Edgeausnahme:                            Nein
Aktion:                                  Zulassen

Regelname:                               @{Microsoft.Windows.Search_1.14.0.19041_neutral_neutral_cw5n1h2txyewy?ms-resource://Microsoft.Windows.Search/resources/PackageDisplayName}
----------------------------------------------------------------------
Aktiviert:                               Ja
Richtung:                                Eingehend
Profile:                                 Dom„ne,Privat
Gruppierung:                             Windows Search
Lokales IP:                              Beliebig
Remote-IP:                               Beliebig
Protokoll:                               Beliebig
Edgeausnahme:                            Nein
Aktion:                                  Zulassen

Regelname:                               @{Microsoft.Windows.StartMenuExperienceHost_10.0.19041.610_neutral_neutral_cw5n1h2txyewy?ms-resource://Microsoft.Windows.StartMenuExperienceHost/StartMenuExperienceHost/PkgDisplayName}
----------------------------------------------------------------------
Aktiviert:                               Ja
Richtung:                                Eingehend
Profile:                                 Dom„ne,Privat
Gruppierung:                             Starten
Lokales IP:                              Beliebig
Remote-IP:                               Beliebig
Protokoll:                               Beliebig
Edgeausnahme:                            Nein
Aktion:                                  Zulassen

Regelname:                               @{Microsoft.AAD.BrokerPlugin_1000.19041.423.0_neutral_neutral_cw5n1h2txyewy?ms-resource://Microsoft.AAD.BrokerPlugin/resources/PackageDisplayName}
----------------------------------------------------------------------
Aktiviert:                               Ja
Richtung:                                Eingehend
Profile:                                 Dom„ne,Privat
Gruppierung:                             Gesch„fts- oder Schulkonto
Lokales IP:                              Beliebig
Remote-IP:                               Beliebig
Protokoll:                               Beliebig
Edgeausnahme:                            Nein
Aktion:                                  Zulassen

Regelname:                               @{Microsoft.Windows.CloudExperienceHost_10.0.19041.423_neutral_neutral_cw5n1h2txyewy?ms-resource://Microsoft.Windows.CloudExperienceHost/resources/appDescription}
----------------------------------------------------------------------
Aktiviert:                               Ja
Richtung:                                Eingehend
Profile:                                 Dom„ne,Privat
Gruppierung:                             Ihr Konto
Lokales IP:                              Beliebig
Remote-IP:                               Beliebig
Protokoll:                               Beliebig
Edgeausnahme:                            Nein
Aktion:                                  Zulassen

Regelname:                               Acer Product Registration
----------------------------------------------------------------------
Aktiviert:                               Ja
Richtung:                                Eingehend
Profile:                                 Dom„ne,Privat
Gruppierung:                             Acer Product Registration
Lokales IP:                              Beliebig
Remote-IP:                               Beliebig
Protokoll:                               Beliebig
Edgeausnahme:                            Nein
Aktion:                                  Zulassen

Regelname:                               @{Microsoft.XboxApp_48.72.4001.0_x64__8wekyb3d8bbwe?ms-resource://Microsoft.XboxApp/XboxApp.Resource/Resources/App_Title}
----------------------------------------------------------------------
Aktiviert:                               Ja
Richtung:                                Eingehend
Profile:                                 Dom„ne,Privat,™ffentlich
Gruppierung:                             Xbox Console Companion
Lokales IP:                              Beliebig
Remote-IP:                               Beliebig
Protokoll:                               Beliebig
Edgeausnahme:                            Ja
Aktion:                                  Zulassen

Regelname:                               Print 3D
----------------------------------------------------------------------
Aktiviert:                               Ja
Richtung:                                Eingehend
Profile:                                 Dom„ne,Privat
Gruppierung:                             Print 3D
Lokales IP:                              Beliebig
Remote-IP:                               Beliebig
Protokoll:                               Beliebig
Edgeausnahme:                            Nein
Aktion:                                  Zulassen

Regelname:                               @{Microsoft.DesktopAppInstaller_1.4.3161.0_x64__8wekyb3d8bbwe?ms-resource://Microsoft.DesktopAppInstaller/Resources/appDisplayName}
----------------------------------------------------------------------
Aktiviert:                               Ja
Richtung:                                Eingehend
Profile:                                 Dom„ne,Privat
Gruppierung:                             App-Installer
Lokales IP:                              Beliebig
Remote-IP:                               Beliebig
Protokoll:                               Beliebig
Edgeausnahme:                            Nein
Aktion:                                  Zulassen

Regelname:                               opera.exe
----------------------------------------------------------------------
Aktiviert:                               Ja
Richtung:                                Eingehend
Profile:                                 ™ffentlich
Gruppierung:                             
Lokales IP:                              Beliebig
Remote-IP:                               Beliebig
Protokoll:                               TCP
Lokaler Port:                            Beliebig
Remoteport:                              Beliebig
Edgeausnahme:                            Auf Benutzer zurckstellen
Aktion:                                  Zulassen

Regelname:                               opera.exe
----------------------------------------------------------------------
Aktiviert:                               Ja
Richtung:                                Eingehend
Profile:                                 ™ffentlich
Gruppierung:                             
Lokales IP:                              Beliebig
Remote-IP:                               Beliebig
Protokoll:                               UDP
Lokaler Port:                            Beliebig
Remoteport:                              Beliebig
Edgeausnahme:                            Auf Benutzer zurckstellen
Aktion:                                  Zulassen

Regelname:                               Steam
----------------------------------------------------------------------
Aktiviert:                               Ja
Richtung:                                Eingehend
Profile:                                 Dom„ne,Privat,™ffentlich
Gruppierung:                             
Lokales IP:                              Beliebig
Remote-IP:                               Beliebig
Protokoll:                               TCP
Lokaler Port:                            Beliebig
Remoteport:                              Beliebig
Edgeausnahme:                            Nein
Aktion:                                  Zulassen

Regelname:                               Steam
----------------------------------------------------------------------
Aktiviert:                               Ja
Richtung:                                Eingehend
Profile:                                 Dom„ne,Privat,™ffentlich
Gruppierung:                             
Lokales IP:                              Beliebig
Remote-IP:                               Beliebig
Protokoll:                               UDP
Lokaler Port:                            Beliebig
Remoteport:                              Beliebig
Edgeausnahme:                            Nein
Aktion:                                  Zulassen

Regelname:                               Steam Web Helper
----------------------------------------------------------------------
Aktiviert:                               Ja
Richtung:                                Eingehend
Profile:                                 Dom„ne,Privat,™ffentlich
Gruppierung:                             
Lokales IP:                              Beliebig
Remote-IP:                               Beliebig
Protokoll:                               TCP
Lokaler Port:                            Beliebig
Remoteport:                              Beliebig
Edgeausnahme:                            Nein
Aktion:                                  Zulassen

Regelname:                               Steam Web Helper
----------------------------------------------------------------------
Aktiviert:                               Ja
Richtung:                                Eingehend
Profile:                                 Dom„ne,Privat,™ffentlich
Gruppierung:                             
Lokales IP:                              Beliebig

   bei Funbit.Ets.Telemetry.Server.Helpers.ProcessHelper.RunNetShell(String arguments, String errorMessage)
   bei Funbit.Ets.Telemetry.Server.Setup.FirewallSetup..ctor()
2021-04-12 02:08:11,884 [1   ] [INFO ] Checking ACL rule status...
2021-04-12 02:08:11,884 [1   ] [INFO ] Running command line: 
netsh http show urlacl url=http://+:25555/
2021-04-12 02:08:35,609 [1   ] [INFO ] Running application on Microsoft Windows NT 6.2.9200.0 (64-bit) 
2021-04-12 02:08:35,750 [1   ] [INFO ] Checking plugin DLL files...
2021-04-12 02:08:35,750 [1   ] [INFO ] Validating ETS2 path: 'G:\Steam\steamapps\common\Euro Truck Simulator 2' ... OK
2021-04-12 02:08:35,754 [1   ] [INFO ] Checking Firewall rule...
2021-04-12 02:08:35,757 [1   ] [INFO ] Running command line: 
netsh advfirewall firewall show rule dir=in name=all
2021-04-12 02:08:36,220 [1   ] [INFO ] Checking ACL rule status...
2021-04-12 02:08:36,220 [1   ] [INFO ] Running command line: 
netsh http show urlacl url=http://+:25555/
2021-04-12 02:08:36,458 [1   ] [INFO ] Found following network interfaces: 
'{E7866865-5E07-406D-AEEA-1E516D5AD60E}': 'Hamachi' (Up), 
'{73AD02C9-8DE9-407C-85C8-5DE80F2B6214}': 'Ethernet' (Up), 
'{66E2DA04-0D51-4F38-A4D0-CE13598BE77A}': 'LAN-Verbindung' (Down), 
'{E2E97323-E848-4426-BE7D-7B86465259E8}': 'LAN-Verbindung 2' (Down), 
'{EFAA69B5-DE43-4701-8CC4-A6553CAC5301}': 'WLAN' (Down), 
'{3555B6A7-70D0-4DC0-A9DC-0F5E5E1AC1C7}': 'LAN-Verbindung* 1' (Down), 
'{3FD1BFFC-C695-4A4A-AEF0-814A38F36D9F}': 'LAN-Verbindung* 2' (Down), 
'{FA97FE05-F620-46FE-BBC1-07984128E200}': 'Bluetooth-Netzwerkverbindung' (Down), 
'{B4910C04-5D12-11EB-819F-806E6F6E6963}': 'Loopback Pseudo-Interface 1' (Up)
2021-04-12 02:12:37,457 [1   ] [INFO ] Running application on Microsoft Windows NT 6.2.9200.0 (64-bit) 
2021-04-12 02:12:37,588 [1   ] [INFO ] Checking plugin DLL files...
2021-04-12 02:12:37,589 [1   ] [INFO ] Validating ETS2 path: 'G:\Steam\steamapps\common\Euro Truck Simulator 2' ... OK
2021-04-12 02:12:37,594 [1   ] [INFO ] Checking Firewall rule...
2021-04-12 02:12:37,595 [1   ] [INFO ] Running command line: 
netsh advfirewall firewall show rule dir=in name=all
2021-04-12 02:12:38,162 [1   ] [INFO ] Checking ACL rule status...
2021-04-12 02:12:38,162 [1   ] [INFO ] Running command line: 
netsh http show urlacl url=http://+:25555/
2021-04-12 02:12:38,393 [1   ] [INFO ] Found following network interfaces: 
'{E7866865-5E07-406D-AEEA-1E516D5AD60E}': 'Hamachi' (Up), 
'{73AD02C9-8DE9-407C-85C8-5DE80F2B6214}': 'Ethernet' (Up), 
'{66E2DA04-0D51-4F38-A4D0-CE13598BE77A}': 'LAN-Verbindung' (Down), 
'{E2E97323-E848-4426-BE7D-7B86465259E8}': 'LAN-Verbindung 2' (Down), 
'{EFAA69B5-DE43-4701-8CC4-A6553CAC5301}': 'WLAN' (Down), 
'{3555B6A7-70D0-4DC0-A9DC-0F5E5E1AC1C7}': 'LAN-Verbindung* 1' (Down), 
'{3FD1BFFC-C695-4A4A-AEF0-814A38F36D9F}': 'LAN-Verbindung* 2' (Down), 
'{FA97FE05-F620-46FE-BBC1-07984128E200}': 'Bluetooth-Netzwerkverbindung' (Down), 
'{B4910C04-5D12-11EB-819F-806E6F6E6963}': 'Loopback Pseudo-Interface 1' (Up)
2021-04-12 02:23:14,108 [1   ] [INFO ] Running application on Microsoft Windows NT 6.2.9200.0 (64-bit) 
2021-04-12 02:23:14,262 [1   ] [INFO ] Checking plugin DLL files...
2021-04-12 02:23:14,262 [1   ] [INFO ] Validating ETS2 path: 'G:\Steam\steamapps\common\Euro Truck Simulator 2' ... OK
2021-04-12 02:23:14,266 [1   ] [INFO ] Checking Firewall rule...
2021-04-12 02:23:14,269 [1   ] [INFO ] Running command line: 
netsh advfirewall firewall show rule dir=in name=all
2021-04-12 02:23:14,781 [1   ] [INFO ] Checking ACL rule status...
2021-04-12 02:23:14,781 [1   ] [INFO ] Running command line: 
netsh http show urlacl url=http://+:25555/
2021-04-12 02:23:15,020 [1   ] [INFO ] Found following network interfaces: 
'{E7866865-5E07-406D-AEEA-1E516D5AD60E}': 'Hamachi' (Up), 
'{73AD02C9-8DE9-407C-85C8-5DE80F2B6214}': 'Ethernet' (Up), 
'{66E2DA04-0D51-4F38-A4D0-CE13598BE77A}': 'LAN-Verbindung' (Down), 
'{E2E97323-E848-4426-BE7D-7B86465259E8}': 'LAN-Verbindung 2' (Down), 
'{EFAA69B5-DE43-4701-8CC4-A6553CAC5301}': 'WLAN' (Down), 
'{3555B6A7-70D0-4DC0-A9DC-0F5E5E1AC1C7}': 'LAN-Verbindung* 1' (Down), 
'{3FD1BFFC-C695-4A4A-AEF0-814A38F36D9F}': 'LAN-Verbindung* 2' (Down), 
'{FA97FE05-F620-46FE-BBC1-07984128E200}': 'Bluetooth-Netzwerkverbindung' (Down), 
'{B4910C04-5D12-11EB-819F-806E6F6E6963}': 'Loopback Pseudo-Interface 1' (Up)
2021-04-12 02:24:29,655 [1   ] [INFO ] Running application on Microsoft Windows NT 6.2.9200.0 (64-bit) 
2021-04-12 02:24:29,795 [1   ] [INFO ] Checking plugin DLL files...
2021-04-12 02:24:29,795 [1   ] [INFO ] Validating ETS2 path: 'G:\Steam\steamapps\common\Euro Truck Simulator 2' ... OK
2021-04-12 02:24:29,800 [1   ] [INFO ] Checking Firewall rule...
2021-04-12 02:24:29,802 [1   ] [INFO ] Running command line: 
netsh advfirewall firewall show rule dir=in name=all
2021-04-12 02:24:30,268 [1   ] [INFO ] Checking ACL rule status...
2021-04-12 02:24:30,269 [1   ] [INFO ] Running command line: 
netsh http show urlacl url=http://+:25555/
2021-04-12 02:24:30,504 [1   ] [INFO ] Found following network interfaces: 
'{E7866865-5E07-406D-AEEA-1E516D5AD60E}': 'Hamachi' (Up), 
'{73AD02C9-8DE9-407C-85C8-5DE80F2B6214}': 'Ethernet' (Up), 
'{66E2DA04-0D51-4F38-A4D0-CE13598BE77A}': 'LAN-Verbindung' (Down), 
'{E2E97323-E848-4426-BE7D-7B86465259E8}': 'LAN-Verbindung 2' (Down), 
'{EFAA69B5-DE43-4701-8CC4-A6553CAC5301}': 'WLAN' (Down), 
'{3555B6A7-70D0-4DC0-A9DC-0F5E5E1AC1C7}': 'LAN-Verbindung* 1' (Down), 
'{3FD1BFFC-C695-4A4A-AEF0-814A38F36D9F}': 'LAN-Verbindung* 2' (Down), 
'{FA97FE05-F620-46FE-BBC1-07984128E200}': 'Bluetooth-Netzwerkverbindung' (Down), 
'{B4910C04-5D12-11EB-819F-806E6F6E6963}': 'Loopback Pseudo-Interface 1' (Up)
2021-04-12 02:26:05,386 [1   ] [INFO ] Running application on Microsoft Windows NT 6.2.9200.0 (64-bit) 
2021-04-12 02:26:05,517 [1   ] [INFO ] Checking plugin DLL files...
2021-04-12 02:26:05,518 [1   ] [INFO ] Validating ETS2 path: 'G:\Steam\steamapps\common\Euro Truck Simulator 2' ... OK
2021-04-12 02:26:05,522 [1   ] [INFO ] Checking Firewall rule...
2021-04-12 02:26:05,523 [1   ] [INFO ] Running command line: 
netsh advfirewall firewall show rule dir=in name=all
2021-04-12 02:26:05,949 [1   ] [INFO ] Checking ACL rule status...
2021-04-12 02:26:05,949 [1   ] [INFO ] Running command line: 
netsh http show urlacl url=http://+:25555/
2021-04-12 02:26:06,160 [1   ] [INFO ] Found following network interfaces: 
'{E7866865-5E07-406D-AEEA-1E516D5AD60E}': 'Hamachi' (Up), 
'{73AD02C9-8DE9-407C-85C8-5DE80F2B6214}': 'Ethernet' (Up), 
'{66E2DA04-0D51-4F38-A4D0-CE13598BE77A}': 'LAN-Verbindung' (Down), 
'{E2E97323-E848-4426-BE7D-7B86465259E8}': 'LAN-Verbindung 2' (Down), 
'{EFAA69B5-DE43-4701-8CC4-A6553CAC5301}': 'WLAN' (Down), 
'{3555B6A7-70D0-4DC0-A9DC-0F5E5E1AC1C7}': 'LAN-Verbindung* 1' (Down), 
'{3FD1BFFC-C695-4A4A-AEF0-814A38F36D9F}': 'LAN-Verbindung* 2' (Down), 
'{FA97FE05-F620-46FE-BBC1-07984128E200}': 'Bluetooth-Netzwerkverbindung' (Down), 
'{B4910C04-5D12-11EB-819F-806E6F6E6963}': 'Loopback Pseudo-Interface 1' (Up)
2021-04-12 02:35:46,620 [1   ] [INFO ] Running application on Microsoft Windows NT 6.2.9200.0 (64-bit) 
2021-04-12 02:35:46,739 [1   ] [INFO ] Checking plugin DLL files...
2021-04-12 02:35:46,740 [1   ] [INFO ] Validating ETS2 path: 'G:\Steam\steamapps\common\Euro Truck Simulator 2' ... OK
2021-04-12 02:35:46,744 [1   ] [INFO ] Checking Firewall rule...
2021-04-12 02:35:46,745 [1   ] [INFO ] Running command line: 
netsh advfirewall firewall show rule dir=in name=all
2021-04-12 02:35:47,145 [1   ] [INFO ] Checking ACL rule status...
2021-04-12 02:35:47,145 [1   ] [INFO ] Running command line: 
netsh http show urlacl url=http://+:25555/
2021-04-12 02:35:47,357 [1   ] [INFO ] Found following network interfaces: 
'{E7866865-5E07-406D-AEEA-1E516D5AD60E}': 'Hamachi' (Up), 
'{73AD02C9-8DE9-407C-85C8-5DE80F2B6214}': 'Ethernet' (Up), 
'{66E2DA04-0D51-4F38-A4D0-CE13598BE77A}': 'LAN-Verbindung' (Down), 
'{E2E97323-E848-4426-BE7D-7B86465259E8}': 'LAN-Verbindung 2' (Down), 
'{EFAA69B5-DE43-4701-8CC4-A6553CAC5301}': 'WLAN' (Down), 
'{3555B6A7-70D0-4DC0-A9DC-0F5E5E1AC1C7}': 'LAN-Verbindung* 1' (Down), 
'{3FD1BFFC-C695-4A4A-AEF0-814A38F36D9F}': 'LAN-Verbindung* 2' (Down), 
'{FA97FE05-F620-46FE-BBC1-07984128E200}': 'Bluetooth-Netzwerkverbindung' (Down), 
'{B4910C04-5D12-11EB-819F-806E6F6E6963}': 'Loopback Pseudo-Interface 1' (Up)
2021-04-12 02:39:02,928 [1   ] [INFO ] Running application on Microsoft Windows NT 6.2.9200.0 (64-bit) 
2021-04-12 02:39:03,053 [1   ] [INFO ] Checking plugin DLL files...
2021-04-12 02:39:03,053 [1   ] [INFO ] Validating ETS2 path: 'G:\Steam\steamapps\common\Euro Truck Simulator 2' ... OK
2021-04-12 02:39:03,058 [1   ] [INFO ] Checking Firewall rule...
2021-04-12 02:39:03,060 [1   ] [INFO ] Running command line: 
netsh advfirewall firewall show rule dir=in name=all
2021-04-12 02:39:03,602 [1   ] [INFO ] Checking ACL rule status...
2021-04-12 02:39:03,602 [1   ] [INFO ] Running command line: 
netsh http show urlacl url=http://+:25555/
2021-04-12 02:39:03,827 [1   ] [INFO ] Found following network interfaces: 
'{E7866865-5E07-406D-AEEA-1E516D5AD60E}': 'Hamachi' (Up), 
'{73AD02C9-8DE9-407C-85C8-5DE80F2B6214}': 'Ethernet' (Up), 
'{66E2DA04-0D51-4F38-A4D0-CE13598BE77A}': 'LAN-Verbindung' (Down), 
'{E2E97323-E848-4426-BE7D-7B86465259E8}': 'LAN-Verbindung 2' (Down), 
'{EFAA69B5-DE43-4701-8CC4-A6553CAC5301}': 'WLAN' (Down), 
'{3555B6A7-70D0-4DC0-A9DC-0F5E5E1AC1C7}': 'LAN-Verbindung* 1' (Down), 
'{3FD1BFFC-C695-4A4A-AEF0-814A38F36D9F}': 'LAN-Verbindung* 2' (Down), 
'{FA97FE05-F620-46FE-BBC1-07984128E200}': 'Bluetooth-Netzwerkverbindung' (Down), 
'{B4910C04-5D12-11EB-819F-806E6F6E6963}': 'Loopback Pseudo-Interface 1' (Up)
2021-04-12 02:39:55,862 [1   ] [INFO ] Running application on Microsoft Windows NT 6.2.9200.0 (64-bit) 
2021-04-12 02:39:55,999 [1   ] [INFO ] Checking plugin DLL files...
2021-04-12 02:39:56,000 [1   ] [INFO ] Validating ETS2 path: 'G:\Steam\steamapps\common\Euro Truck Simulator 2' ... OK
2021-04-12 02:39:56,003 [1   ] [INFO ] Checking Firewall rule...
2021-04-12 02:39:56,005 [1   ] [INFO ] Running command line: 
netsh advfirewall firewall show rule dir=in name=all
2021-04-12 02:39:56,423 [1   ] [INFO ] Checking ACL rule status...
2021-04-12 02:39:56,423 [1   ] [INFO ] Running command line: 
netsh http show urlacl url=http://+:25555/
2021-04-12 02:39:56,637 [1   ] [INFO ] Found following network interfaces: 
'{E7866865-5E07-406D-AEEA-1E516D5AD60E}': 'Hamachi' (Up), 
'{73AD02C9-8DE9-407C-85C8-5DE80F2B6214}': 'Ethernet' (Up), 
'{66E2DA04-0D51-4F38-A4D0-CE13598BE77A}': 'LAN-Verbindung' (Down), 
'{E2E97323-E848-4426-BE7D-7B86465259E8}': 'LAN-Verbindung 2' (Down), 
'{EFAA69B5-DE43-4701-8CC4-A6553CAC5301}': 'WLAN' (Down), 
'{3555B6A7-70D0-4DC0-A9DC-0F5E5E1AC1C7}': 'LAN-Verbindung* 1' (Down), 
'{3FD1BFFC-C695-4A4A-AEF0-814A38F36D9F}': 'LAN-Verbindung* 2' (Down), 
'{FA97FE05-F620-46FE-BBC1-07984128E200}': 'Bluetooth-Netzwerkverbindung' (Down), 
'{B4910C04-5D12-11EB-819F-806E6F6E6963}': 'Loopback Pseudo-Interface 1' (Up)
2021-04-13 16:40:49,513 [1   ] [INFO ] Running application on Microsoft Windows NT 6.2.9200.0 (64-bit) 
2021-04-13 16:40:49,670 [1   ] [INFO ] Checking plugin DLL files...
2021-04-13 16:40:49,671 [1   ] [INFO ] Validating ETS2 path: 'G:\Steam\steamapps\common\Euro Truck Simulator 2' ... OK
2021-04-13 16:40:49,675 [1   ] [INFO ] Checking Firewall rule...
2021-04-13 16:40:49,676 [1   ] [INFO ] Running command line: 
netsh advfirewall firewall show rule dir=in name=all
2021-04-13 16:40:50,076 [1   ] [INFO ] Checking ACL rule status...
2021-04-13 16:40:50,076 [1   ] [INFO ] Running command line: 
netsh http show urlacl url=http://+:25555/
2021-04-13 16:40:50,280 [1   ] [INFO ] Found following network interfaces: 
'{E7866865-5E07-406D-AEEA-1E516D5AD60E}': 'Hamachi' (Up), 
'{73AD02C9-8DE9-407C-85C8-5DE80F2B6214}': 'Ethernet' (Up), 
'{66E2DA04-0D51-4F38-A4D0-CE13598BE77A}': 'LAN-Verbindung' (Down), 
'{E2E97323-E848-4426-BE7D-7B86465259E8}': 'LAN-Verbindung 2' (Down), 
'{EFAA69B5-DE43-4701-8CC4-A6553CAC5301}': 'WLAN' (Down), 
'{3555B6A7-70D0-4DC0-A9DC-0F5E5E1AC1C7}': 'LAN-Verbindung* 1' (Down), 
'{3FD1BFFC-C695-4A4A-AEF0-814A38F36D9F}': 'LAN-Verbindung* 2' (Down), 
'{FA97FE05-F620-46FE-BBC1-07984128E200}': 'Bluetooth-Netzwerkverbindung' (Down), 
'{B4910C04-5D12-11EB-819F-806E6F6E6963}': 'Loopback Pseudo-Interface 1' (Up)
2021-04-13 16:54:51,174 [1   ] [INFO ] Running application on Microsoft Windows NT 6.2.9200.0 (64-bit) 
2021-04-13 16:54:51,293 [1   ] [INFO ] Checking plugin DLL files...
2021-04-13 16:54:51,293 [1   ] [INFO ] Validating ETS2 path: 'G:\Steam\steamapps\common\Euro Truck Simulator 2' ... OK
2021-04-13 16:54:51,297 [1   ] [INFO ] Checking Firewall rule...
2021-04-13 16:54:51,300 [1   ] [INFO ] Running command line: 
netsh advfirewall firewall show rule dir=in name=all
2021-04-13 16:54:51,700 [1   ] [INFO ] Checking ACL rule status...
2021-04-13 16:54:51,700 [1   ] [INFO ] Running command line: 
netsh http show urlacl url=http://+:25555/
2021-04-13 16:54:51,897 [1   ] [INFO ] Found following network interfaces: 
'{E7866865-5E07-406D-AEEA-1E516D5AD60E}': 'Hamachi' (Up), 
'{73AD02C9-8DE9-407C-85C8-5DE80F2B6214}': 'Ethernet' (Up), 
'{66E2DA04-0D51-4F38-A4D0-CE13598BE77A}': 'LAN-Verbindung' (Down), 
'{E2E97323-E848-4426-BE7D-7B86465259E8}': 'LAN-Verbindung 2' (Down), 
'{EFAA69B5-DE43-4701-8CC4-A6553CAC5301}': 'WLAN' (Down), 
'{3555B6A7-70D0-4DC0-A9DC-0F5E5E1AC1C7}': 'LAN-Verbindung* 1' (Down), 
'{3FD1BFFC-C695-4A4A-AEF0-814A38F36D9F}': 'LAN-Verbindung* 2' (Down), 
'{FA97FE05-F620-46FE-BBC1-07984128E200}': 'Bluetooth-Netzwerkverbindung' (Down), 
'{B4910C04-5D12-11EB-819F-806E6F6E6963}': 'Loopback Pseudo-Interface 1' (Up)
2021-04-13 16:58:24,995 [1   ] [INFO ] Running application on Microsoft Windows NT 6.2.9200.0 (64-bit) 
2021-04-13 16:58:25,111 [1   ] [INFO ] Checking plugin DLL files...
2021-04-13 16:58:25,112 [1   ] [INFO ] Validating ETS2 path: 'G:\Steam\steamapps\common\Euro Truck Simulator 2' ... OK
2021-04-13 16:58:25,116 [1   ] [INFO ] Checking Firewall rule...
2021-04-13 16:58:25,118 [1   ] [INFO ] Running command line: 
netsh advfirewall firewall show rule dir=in name=all
2021-04-13 16:58:25,509 [1   ] [INFO ] Checking ACL rule status...
2021-04-13 16:58:25,509 [1   ] [INFO ] Running command line: 
netsh http show urlacl url=http://+:25555/
2021-04-13 16:58:25,706 [1   ] [INFO ] Found following network interfaces: 
'{E7866865-5E07-406D-AEEA-1E516D5AD60E}': 'Hamachi' (Up), 
'{73AD02C9-8DE9-407C-85C8-5DE80F2B6214}': 'Ethernet' (Up), 
'{66E2DA04-0D51-4F38-A4D0-CE13598BE77A}': 'LAN-Verbindung' (Down), 
'{E2E97323-E848-4426-BE7D-7B86465259E8}': 'LAN-Verbindung 2' (Down), 
'{EFAA69B5-DE43-4701-8CC4-A6553CAC5301}': 'WLAN' (Down), 
'{3555B6A7-70D0-4DC0-A9DC-0F5E5E1AC1C7}': 'LAN-Verbindung* 1' (Down), 
'{3FD1BFFC-C695-4A4A-AEF0-814A38F36D9F}': 'LAN-Verbindung* 2' (Down), 
'{FA97FE05-F620-46FE-BBC1-07984128E200}': 'Bluetooth-Netzwerkverbindung' (Down), 
'{B4910C04-5D12-11EB-819F-806E6F6E6963}': 'Loopback Pseudo-Interface 1' (Up)
