



2021-04-12T01:15:22.836Z:TP_ETS2_Plugin:DEBUG:Info : We received info from Touch-Portal
2021-04-12T01:15:22.847Z:TP_ETS2_Plugin:INFO:Starting process watcher for Windows
2021-04-12T01:15:23.462Z:TP_ETS2_Plugin:INFO:Server loaded up! Script is starting!



 --------SCRIPT STARTED--------
2021-04-12T01:15:44.279Z:TP_ETS2_Plugin:DEBUG:Info : We received info from Touch-Portal
2021-04-12T01:15:44.280Z:TP_ETS2_Plugin:INFO:Starting process watcher for Windows
2021-04-12T01:15:44.660Z:TP_ETS2_Plugin:INFO:Server loaded up! Script is starting!



 --------SCRIPT STARTED--------
2021-04-12T02:31:46.348Z:TP_ETS2_Plugin:DEBUG:Info : We received info from Touch-Portal
2021-04-12T02:31:46.350Z:TP_ETS2_Plugin:INFO:Starting process watcher for Windows
2021-04-12T02:31:46.912Z:TP_ETS2_Plugin:INFO:Server loaded up! Script is starting!



 --------SCRIPT STARTED--------
2021-04-12T02:32:51.947Z:TP_ETS2_Plugin:DEBUG:Info : We received info from Touch-Portal
2021-04-12T02:32:51.948Z:TP_ETS2_Plugin:INFO:Starting process watcher for Windows
2021-04-12T02:32:52.326Z:TP_ETS2_Plugin:INFO:Server loaded up! Script is starting!



 --------SCRIPT STARTED--------
2021-04-13T14:40:48.574Z:TP_ETS2_Plugin:DEBUG:Info : We received info from Touch-Portal
2021-04-13T14:40:48.576Z:TP_ETS2_Plugin:INFO:Starting process watcher for Windows
2021-04-13T14:40:49.275Z:TP_ETS2_Plugin:WARN:Telemetry Server not Found! Retry in 5 Seconds!
2021-04-13T14:40:54.541Z:TP_ETS2_Plugin:INFO:Server loaded up! Script is starting!



 --------SCRIPT STARTED--------
2021-04-13T14:54:50.720Z:TP_ETS2_Plugin:DEBUG:Info : We received info from Touch-Portal
2021-04-13T14:54:50.722Z:TP_ETS2_Plugin:INFO:Starting process watcher for Windows
2021-04-13T14:54:51.002Z:TP_ETS2_Plugin:WARN:Telemetry Server not Found! Retry in 5 Seconds!
2021-04-13T14:54:56.303Z:TP_ETS2_Plugin:INFO:Server loaded up! Script is starting!



 --------SCRIPT STARTED--------
2021-04-13T14:58:24.540Z:TP_ETS2_Plugin:DEBUG:Info : We received info from Touch-Portal
2021-04-13T14:58:24.543Z:TP_ETS2_Plugin:INFO:Starting process watcher for Windows
2021-04-13T14:58:24.824Z:TP_ETS2_Plugin:WARN:Telemetry Server not Found! Retry in 5 Seconds!
2021-04-13T14:58:30.094Z:TP_ETS2_Plugin:INFO:Server loaded up! Script is starting!



 --------SCRIPT STARTED--------
2021-04-13T15:13:25.416Z:TP_ETS2_Plugin:DEBUG:Info : We received info from Touch-Portal
2021-04-13T15:13:25.419Z:TP_ETS2_Plugin:INFO:Starting process watcher for Windows
2021-04-13T15:13:25.731Z:TP_ETS2_Plugin:INFO:Server loaded up! Script is starting!



 --------SCRIPT STARTED--------
2021-04-13T15:14:33.393Z:TP_ETS2_Plugin:DEBUG:Info : We received info from Touch-Portal
2021-04-13T15:14:33.395Z:TP_ETS2_Plugin:INFO:Starting process watcher for Windows
2021-04-13T15:14:33.766Z:TP_ETS2_Plugin:INFO:Server loaded up! Script is starting!



 --------SCRIPT STARTED--------
2021-04-13T15:14:48.730Z:TP_ETS2_Plugin:DEBUG:Info : We received info from Touch-Portal
2021-04-13T15:14:48.733Z:TP_ETS2_Plugin:INFO:Starting process watcher for Windows
2021-04-13T15:14:49.055Z:TP_ETS2_Plugin:INFO:Server loaded up! Script is starting!



 --------SCRIPT STARTED--------
2021-04-13T15:15:53.976Z:TP_ETS2_Plugin:DEBUG:Info : We received info from Touch-Portal
2021-04-13T15:15:53.978Z:TP_ETS2_Plugin:INFO:Starting process watcher for Windows
2021-04-13T15:15:54.383Z:TP_ETS2_Plugin:INFO:Server loaded up! Script is starting!



 --------SCRIPT STARTED--------
2021-04-13T15:16:07.691Z:TP_ETS2_Plugin:DEBUG:Info : We received info from Touch-Portal
2021-04-13T15:16:07.693Z:TP_ETS2_Plugin:INFO:Starting process watcher for Windows
2021-04-13T15:16:08.073Z:TP_ETS2_Plugin:INFO:Server loaded up! Script is starting!



 --------SCRIPT STARTED--------
2021-04-13T15:17:15.645Z:TP_ETS2_Plugin:DEBUG:Info : We received info from Touch-Portal
2021-04-13T15:17:15.649Z:TP_ETS2_Plugin:INFO:Starting process watcher for Windows
2021-04-13T15:17:16.008Z:TP_ETS2_Plugin:INFO:Server loaded up! Script is starting!



 --------SCRIPT STARTED--------
2021-04-13T15:17:51.124Z:TP_ETS2_Plugin:DEBUG:Info : We received info from Touch-Portal
2021-04-13T15:17:51.126Z:TP_ETS2_Plugin:INFO:Starting process watcher for Windows
2021-04-13T15:17:51.489Z:TP_ETS2_Plugin:INFO:Server loaded up! Script is starting!



 --------SCRIPT STARTED--------
2021-04-13T15:23:17.062Z:TP_ETS2_Plugin:DEBUG:Info : We received info from Touch-Portal
2021-04-13T15:23:17.065Z:TP_ETS2_Plugin:INFO:Starting process watcher for Windows
2021-04-13T15:23:17.424Z:TP_ETS2_Plugin:INFO:Server loaded up! Script is starting!



 --------SCRIPT STARTED--------
2021-04-13T15:23:30.742Z:TP_ETS2_Plugin:DEBUG:Info : We received info from Touch-Portal
2021-04-13T15:23:30.744Z:TP_ETS2_Plugin:INFO:Starting process watcher for Windows
2021-04-13T15:23:31.073Z:TP_ETS2_Plugin:INFO:Server loaded up! Script is starting!



 --------SCRIPT STARTED--------
2021-04-13T15:23:40.878Z:TP_ETS2_Plugin:DEBUG:Info : We received info from Touch-Portal
2021-04-13T15:23:40.880Z:TP_ETS2_Plugin:INFO:Starting process watcher for Windows
2021-04-13T15:23:41.195Z:TP_ETS2_Plugin:INFO:Server loaded up! Script is starting!



 --------SCRIPT STARTED--------
2021-04-13T15:24:57.807Z:TP_ETS2_Plugin:DEBUG:Info : We received info from Touch-Portal
2021-04-13T15:24:57.809Z:TP_ETS2_Plugin:INFO:Starting process watcher for Windows
2021-04-13T15:24:58.126Z:TP_ETS2_Plugin:INFO:Server loaded up! Script is starting!



 --------SCRIPT STARTED--------
2021-04-13T15:25:12.166Z:TP_ETS2_Plugin:DEBUG:Info : We received info from Touch-Portal
2021-04-13T15:25:12.174Z:TP_ETS2_Plugin:INFO:Starting process watcher for Windows
2021-04-13T15:25:12.526Z:TP_ETS2_Plugin:INFO:Server loaded up! Script is starting!



 --------SCRIPT STARTED--------
2021-04-13T15:25:19.315Z:TP_ETS2_Plugin:DEBUG:Info : We received info from Touch-Portal
2021-04-13T15:25:19.321Z:TP_ETS2_Plugin:INFO:Starting process watcher for Windows
2021-04-13T15:25:19.658Z:TP_ETS2_Plugin:INFO:Server loaded up! Script is starting!



 --------SCRIPT STARTED--------
2021-04-13T15:25:25.730Z:TP_ETS2_Plugin:DEBUG:Info : We received info from Touch-Portal
2021-04-13T15:25:25.732Z:TP_ETS2_Plugin:INFO:Starting process watcher for Windows
2021-04-13T15:25:26.051Z:TP_ETS2_Plugin:INFO:Server loaded up! Script is starting!



 --------SCRIPT STARTED--------
2021-04-13T15:25:34.456Z:TP_ETS2_Plugin:DEBUG:Info : We received info from Touch-Portal
2021-04-13T15:25:34.457Z:TP_ETS2_Plugin:INFO:Starting process watcher for Windows
2021-04-13T15:25:34.817Z:TP_ETS2_Plugin:INFO:Server loaded up! Script is starting!



 --------SCRIPT STARTED--------
2021-04-13T15:25:52.341Z:TP_ETS2_Plugin:DEBUG:Info : We received info from Touch-Portal
2021-04-13T15:25:52.342Z:TP_ETS2_Plugin:INFO:Starting process watcher for Windows
2021-04-13T15:25:52.686Z:TP_ETS2_Plugin:INFO:Server loaded up! Script is starting!



 --------SCRIPT STARTED--------
2021-04-13T15:26:01.949Z:TP_ETS2_Plugin:DEBUG:Info : We received info from Touch-Portal
2021-04-13T15:26:01.954Z:TP_ETS2_Plugin:INFO:Starting process watcher for Windows
2021-04-13T15:26:02.293Z:TP_ETS2_Plugin:INFO:Server loaded up! Script is starting!



 --------SCRIPT STARTED--------
2021-04-13T15:51:28.940Z:TP_ETS2_Plugin:DEBUG:Info : We received info from Touch-Portal
2021-04-13T15:51:28.941Z:TP_ETS2_Plugin:INFO:Starting process watcher for Windows
2021-04-13T15:51:29.467Z:TP_ETS2_Plugin:INFO:Server loaded up! Script is starting!



 --------SCRIPT STARTED--------
2021-04-13T15:53:44.455Z:TP_ETS2_Plugin:DEBUG:Info : We received info from Touch-Portal
2021-04-13T15:53:44.457Z:TP_ETS2_Plugin:INFO:Starting process watcher for Windows
2021-04-13T15:53:44.785Z:TP_ETS2_Plugin:INFO:Server loaded up! Script is starting!



 --------SCRIPT STARTED--------
2021-04-13T15:53:50.115Z:TP_ETS2_Plugin:DEBUG:Info : We received info from Touch-Portal
2021-04-13T15:53:50.117Z:TP_ETS2_Plugin:INFO:Starting process watcher for Windows
2021-04-13T15:53:50.435Z:TP_ETS2_Plugin:INFO:Server loaded up! Script is starting!



 --------SCRIPT STARTED--------
2021-04-13T15:55:35.879Z:TP_ETS2_Plugin:DEBUG:Info : We received info from Touch-Portal
2021-04-13T15:55:35.881Z:TP_ETS2_Plugin:INFO:Starting process watcher for Windows
2021-04-13T15:55:36.235Z:TP_ETS2_Plugin:INFO:Server loaded up! Script is starting!



 --------SCRIPT STARTED--------
2021-04-13T15:55:47.358Z:TP_ETS2_Plugin:DEBUG:Info : We received info from Touch-Portal
2021-04-13T15:55:47.360Z:TP_ETS2_Plugin:INFO:Starting process watcher for Windows
2021-04-13T15:55:47.693Z:TP_ETS2_Plugin:INFO:Server loaded up! Script is starting!



 --------SCRIPT STARTED--------
2021-04-13T15:56:11.336Z:TP_ETS2_Plugin:DEBUG:Info : We received info from Touch-Portal
2021-04-13T15:56:11.339Z:TP_ETS2_Plugin:INFO:Starting process watcher for Windows
2021-04-13T15:56:11.661Z:TP_ETS2_Plugin:INFO:Server loaded up! Script is starting!



 --------SCRIPT STARTED--------
2021-04-13T15:56:43.526Z:TP_ETS2_Plugin:DEBUG:Info : We received info from Touch-Portal
2021-04-13T15:56:43.528Z:TP_ETS2_Plugin:INFO:Starting process watcher for Windows
2021-04-13T15:56:43.839Z:TP_ETS2_Plugin:INFO:Server loaded up! Script is starting!



 --------SCRIPT STARTED--------
2021-04-13T15:59:07.048Z:TP_ETS2_Plugin:DEBUG:Info : We received info from Touch-Portal
2021-04-13T15:59:07.057Z:TP_ETS2_Plugin:INFO:Starting process watcher for Windows
2021-04-13T15:59:07.428Z:TP_ETS2_Plugin:INFO:Server loaded up! Script is starting!



 --------SCRIPT STARTED--------
2021-04-13T15:59:25.423Z:TP_ETS2_Plugin:DEBUG:Info : We received info from Touch-Portal
2021-04-13T15:59:25.425Z:TP_ETS2_Plugin:INFO:Starting process watcher for Windows
2021-04-13T15:59:25.785Z:TP_ETS2_Plugin:INFO:Server loaded up! Script is starting!



 --------SCRIPT STARTED--------
2021-04-13T15:59:59.931Z:TP_ETS2_Plugin:DEBUG:Info : We received info from Touch-Portal
2021-04-13T15:59:59.935Z:TP_ETS2_Plugin:INFO:Starting process watcher for Windows
2021-04-13T16:00:00.258Z:TP_ETS2_Plugin:INFO:Server loaded up! Script is starting!



 --------SCRIPT STARTED--------
2021-04-13T16:01:44.103Z:TP_ETS2_Plugin:DEBUG:Info : We received info from Touch-Portal
2021-04-13T16:01:44.106Z:TP_ETS2_Plugin:INFO:Starting process watcher for Windows
2021-04-13T16:01:44.455Z:TP_ETS2_Plugin:INFO:Server loaded up! Script is starting!



 --------SCRIPT STARTED--------
2021-04-13T16:07:07.446Z:TP_ETS2_Plugin:DEBUG:Info : We received info from Touch-Portal
2021-04-13T16:07:07.448Z:TP_ETS2_Plugin:INFO:Starting process watcher for Windows
2021-04-13T16:07:07.821Z:TP_ETS2_Plugin:INFO:Server loaded up! Script is starting!



 --------SCRIPT STARTED--------
2021-04-13T16:08:00.744Z:TP_ETS2_Plugin:DEBUG:Info : We received info from Touch-Portal
2021-04-13T16:08:00.746Z:TP_ETS2_Plugin:INFO:Starting process watcher for Windows
2021-04-13T16:08:01.065Z:TP_ETS2_Plugin:INFO:Server loaded up! Script is starting!



 --------SCRIPT STARTED--------
2021-04-13T16:08:25.556Z:TP_ETS2_Plugin:DEBUG:Info : We received info from Touch-Portal
2021-04-13T16:08:25.558Z:TP_ETS2_Plugin:INFO:Starting process watcher for Windows
2021-04-13T16:08:25.864Z:TP_ETS2_Plugin:INFO:Server loaded up! Script is starting!



 --------SCRIPT STARTED--------
2021-04-13T16:18:54.597Z:TP_ETS2_Plugin:DEBUG:Info : We received info from Touch-Portal
2021-04-13T16:18:54.599Z:TP_ETS2_Plugin:INFO:Starting process watcher for Windows
2021-04-13T16:18:54.884Z:TP_ETS2_Plugin:INFO:Server loaded up! Script is starting!



 --------SCRIPT STARTED--------
2021-04-13T16:58:57.189Z:TP_ETS2_Plugin:DEBUG:Info : We received info from Touch-Portal
2021-04-13T16:58:57.193Z:TP_ETS2_Plugin:INFO:Starting process watcher for Windows
2021-04-13T16:58:57.454Z:TP_ETS2_Plugin:INFO:Server loaded up! Script is starting!



 --------SCRIPT STARTED--------
2021-04-13T16:59:43.483Z:TP_ETS2_Plugin:DEBUG:Info : We received info from Touch-Portal
2021-04-13T16:59:43.485Z:TP_ETS2_Plugin:INFO:Starting process watcher for Windows
2021-04-13T16:59:43.764Z:TP_ETS2_Plugin:INFO:Server loaded up! Script is starting!



 --------SCRIPT STARTED--------
2021-04-13T17:03:28.672Z:TP_ETS2_Plugin:DEBUG:Info : We received info from Touch-Portal
2021-04-13T17:03:28.674Z:TP_ETS2_Plugin:INFO:Starting process watcher for Windows



 --------SCRIPT STARTED--------
2021-04-13T17:03:49.469Z:TP_ETS2_Plugin:DEBUG:Info : We received info from Touch-Portal
2021-04-13T17:03:49.471Z:TP_ETS2_Plugin:INFO:Starting process watcher for Windows
2021-04-13T17:03:49.743Z:TP_ETS2_Plugin:INFO:Server loaded up! Script is starting!



 --------SCRIPT STARTED--------
2021-04-13T17:08:50.268Z:TP_ETS2_Plugin:DEBUG:Info : We received info from Touch-Portal
2021-04-13T17:08:50.270Z:TP_ETS2_Plugin:INFO:Starting process watcher for Windows
2021-04-13T17:08:50.534Z:TP_ETS2_Plugin:INFO:Server loaded up! Script is starting!



 --------SCRIPT STARTED--------
2021-04-13T17:09:31.629Z:TP_ETS2_Plugin:DEBUG:Info : We received info from Touch-Portal
2021-04-13T17:09:31.631Z:TP_ETS2_Plugin:INFO:Starting process watcher for Windows
2021-04-13T17:09:31.892Z:TP_ETS2_Plugin:INFO:Server loaded up! Script is starting!



 --------SCRIPT STARTED--------
2021-04-13T17:09:45.860Z:TP_ETS2_Plugin:DEBUG:Info : We received info from Touch-Portal
2021-04-13T17:09:45.862Z:TP_ETS2_Plugin:INFO:Starting process watcher for Windows
2021-04-13T17:09:46.128Z:TP_ETS2_Plugin:INFO:Server loaded up! Script is starting!



 --------SCRIPT STARTED--------
2021-04-13T17:10:15.411Z:TP_ETS2_Plugin:DEBUG:Info : We received info from Touch-Portal
2021-04-13T17:10:15.413Z:TP_ETS2_Plugin:INFO:Starting process watcher for Windows
2021-04-13T17:10:15.709Z:TP_ETS2_Plugin:INFO:Server loaded up! Script is starting!



 --------SCRIPT STARTED--------
2021-04-13T17:10:40.397Z:TP_ETS2_Plugin:DEBUG:Info : We received info from Touch-Portal
2021-04-13T17:10:40.399Z:TP_ETS2_Plugin:INFO:Starting process watcher for Windows
2021-04-13T17:10:40.676Z:TP_ETS2_Plugin:INFO:Server loaded up! Script is starting!



 --------SCRIPT STARTED--------
2021-04-13T17:11:28.840Z:TP_ETS2_Plugin:DEBUG:Info : We received info from Touch-Portal
2021-04-13T17:11:28.842Z:TP_ETS2_Plugin:INFO:Starting process watcher for Windows
2021-04-13T17:11:29.116Z:TP_ETS2_Plugin:INFO:Server loaded up! Script is starting!



 --------SCRIPT STARTED--------
2021-04-13T17:11:54.226Z:TP_ETS2_Plugin:DEBUG:Info : We received info from Touch-Portal
2021-04-13T17:11:54.228Z:TP_ETS2_Plugin:INFO:Starting process watcher for Windows
2021-04-13T17:11:54.496Z:TP_ETS2_Plugin:INFO:Server loaded up! Script is starting!



 --------SCRIPT STARTED--------
2021-04-13T17:12:18.533Z:TP_ETS2_Plugin:DEBUG:Info : We received info from Touch-Portal
2021-04-13T17:12:18.536Z:TP_ETS2_Plugin:INFO:Starting process watcher for Windows
2021-04-13T17:12:18.810Z:TP_ETS2_Plugin:INFO:Server loaded up! Script is starting!



 --------SCRIPT STARTED--------
2021-04-13T17:12:39.617Z:TP_ETS2_Plugin:DEBUG:Info : We received info from Touch-Portal
2021-04-13T17:12:39.620Z:TP_ETS2_Plugin:INFO:Starting process watcher for Windows
2021-04-13T17:12:39.887Z:TP_ETS2_Plugin:INFO:Server loaded up! Script is starting!



 --------SCRIPT STARTED--------
2021-04-13T17:21:17.759Z:TP_ETS2_Plugin:DEBUG:Info : We received info from Touch-Portal
2021-04-13T17:21:17.761Z:TP_ETS2_Plugin:INFO:Starting process watcher for Windows
2021-04-13T17:21:18.179Z:TP_ETS2_Plugin:INFO:Server loaded up! Script is starting!



 --------SCRIPT STARTED--------
2021-04-13T17:31:36.726Z:TP_ETS2_Plugin:DEBUG:Info : We received info from Touch-Portal
2021-04-13T17:31:36.728Z:TP_ETS2_Plugin:INFO:Starting process watcher for Windows
2021-04-13T17:31:37.010Z:TP_ETS2_Plugin:INFO:Server loaded up! Script is starting!



 --------SCRIPT STARTED--------
2021-04-13T17:33:48.298Z:TP_ETS2_Plugin:DEBUG:Info : We received info from Touch-Portal
2021-04-13T17:33:48.300Z:TP_ETS2_Plugin:INFO:Starting process watcher for Windows
2021-04-13T17:33:48.571Z:TP_ETS2_Plugin:INFO:Server loaded up! Script is starting!



 --------SCRIPT STARTED--------
2021-04-13T17:34:20.021Z:TP_ETS2_Plugin:DEBUG:Info : We received info from Touch-Portal
2021-04-13T17:34:20.023Z:TP_ETS2_Plugin:INFO:Starting process watcher for Windows
2021-04-13T17:34:20.289Z:TP_ETS2_Plugin:INFO:Server loaded up! Script is starting!



 --------SCRIPT STARTED--------
2021-04-13T17:37:25.188Z:TP_ETS2_Plugin:DEBUG:Info : We received info from Touch-Portal
2021-04-13T17:37:25.190Z:TP_ETS2_Plugin:INFO:Starting process watcher for Windows
2021-04-13T17:37:25.464Z:TP_ETS2_Plugin:INFO:Server loaded up! Script is starting!



 --------SCRIPT STARTED--------
2021-04-13T17:38:53.323Z:TP_ETS2_Plugin:DEBUG:Info : We received info from Touch-Portal
2021-04-13T17:38:53.325Z:TP_ETS2_Plugin:INFO:Starting process watcher for Windows
2021-04-13T17:38:53.601Z:TP_ETS2_Plugin:INFO:Server loaded up! Script is starting!